CRITICAL - 2023-09-25 08:09:41 --> Unmatched '}'
in APPPATH\Controllers\MusicController.php on line 97.
 1 SYSTEMPATH\Autoloader\Autoloader.php(285): CodeIgniter\Autoloader\Autoloader->includeFile('C:\\laragon\\www\\mymusic\\app\\Controllers\\MusicController.php')
 2 SYSTEMPATH\Autoloader\Autoloader.php(263): CodeIgniter\Autoloader\Autoloader->loadInNamespace('App\\Controllers\\MusicController')
 3 [internal function]: CodeIgniter\Autoloader\Autoloader->loadClass('App\\Controllers\\MusicController')
 4 SYSTEMPATH\CodeIgniter.php(877): class_exists('\\App\\Controllers\\MusicController', true)
 5 SYSTEMPATH\CodeIgniter.php(481): CodeIgniter\CodeIgniter->startController()
 6 SYSTEMPATH\CodeIgniter.php(353): CodeIgniter\CodeIgniter->handleRequest(null, Object(Config\Cache), false)
 7 FCPATH\index.php(79): CodeIgniter\CodeIgniter->run()
 8 SYSTEMPATH\Commands\Server\rewrite.php(47): require_once('C:\\laragon\\www\\mymusic\\public\\index.php')
CRITICAL - 2023-09-25 08:10:14 --> Class "App\Controllers\MusicModel" not found
in APPPATH\Controllers\MusicController.php on line 11.
 1 SYSTEMPATH\CodeIgniter.php(919): App\Controllers\MusicController->index()
 2 SYSTEMPATH\CodeIgniter.php(494): CodeIgniter\CodeIgniter->runController(Object(App\Controllers\MusicController))
 3 SYSTEMPATH\CodeIgniter.php(353): CodeIgniter\CodeIgniter->handleRequest(null, Object(Config\Cache), false)
 4 FCPATH\index.php(79): CodeIgniter\CodeIgniter->run()
 5 SYSTEMPATH\Commands\Server\rewrite.php(47): require_once('C:\\laragon\\www\\mymusic\\public\\index.php')
CRITICAL - 2023-09-25 08:11:04 --> Class "App\Controllers\MusicModel" not found
in APPPATH\Controllers\MusicController.php on line 11.
 1 SYSTEMPATH\CodeIgniter.php(919): App\Controllers\MusicController->index()
 2 SYSTEMPATH\CodeIgniter.php(494): CodeIgniter\CodeIgniter->runController(Object(App\Controllers\MusicController))
 3 SYSTEMPATH\CodeIgniter.php(353): CodeIgniter\CodeIgniter->handleRequest(null, Object(Config\Cache), false)
 4 FCPATH\index.php(79): CodeIgniter\CodeIgniter->run()
 5 SYSTEMPATH\Commands\Server\rewrite.php(47): require_once('C:\\laragon\\www\\mymusic\\public\\index.php')
CRITICAL - 2023-09-25 08:11:05 --> Class "App\Controllers\MusicModel" not found
in APPPATH\Controllers\MusicController.php on line 11.
 1 SYSTEMPATH\CodeIgniter.php(919): App\Controllers\MusicController->index()
 2 SYSTEMPATH\CodeIgniter.php(494): CodeIgniter\CodeIgniter->runController(Object(App\Controllers\MusicController))
 3 SYSTEMPATH\CodeIgniter.php(353): CodeIgniter\CodeIgniter->handleRequest(null, Object(Config\Cache), false)
 4 FCPATH\index.php(79): CodeIgniter\CodeIgniter->run()
 5 SYSTEMPATH\Commands\Server\rewrite.php(47): require_once('C:\\laragon\\www\\mymusic\\public\\index.php')
CRITICAL - 2023-09-25 08:12:57 --> Class "App\Controllers\MusicModel" not found
in APPPATH\Controllers\MusicController.php on line 11.
 1 SYSTEMPATH\CodeIgniter.php(919): App\Controllers\MusicController->index()
 2 SYSTEMPATH\CodeIgniter.php(494): CodeIgniter\CodeIgniter->runController(Object(App\Controllers\MusicController))
 3 SYSTEMPATH\CodeIgniter.php(353): CodeIgniter\CodeIgniter->handleRequest(null, Object(Config\Cache), false)
 4 FCPATH\index.php(79): CodeIgniter\CodeIgniter->run()
 5 SYSTEMPATH\Commands\Server\rewrite.php(47): require_once('C:\\laragon\\www\\mymusic\\public\\index.php')
CRITICAL - 2023-09-25 08:12:58 --> Class "App\Controllers\MusicModel" not found
in APPPATH\Controllers\MusicController.php on line 11.
 1 SYSTEMPATH\CodeIgniter.php(919): App\Controllers\MusicController->index()
 2 SYSTEMPATH\CodeIgniter.php(494): CodeIgniter\CodeIgniter->runController(Object(App\Controllers\MusicController))
 3 SYSTEMPATH\CodeIgniter.php(353): CodeIgniter\CodeIgniter->handleRequest(null, Object(Config\Cache), false)
 4 FCPATH\index.php(79): CodeIgniter\CodeIgniter->run()
 5 SYSTEMPATH\Commands\Server\rewrite.php(47): require_once('C:\\laragon\\www\\mymusic\\public\\index.php')
CRITICAL - 2023-09-25 08:12:58 --> Class "App\Controllers\MusicModel" not found
in APPPATH\Controllers\MusicController.php on line 11.
 1 SYSTEMPATH\CodeIgniter.php(919): App\Controllers\MusicController->index()
 2 SYSTEMPATH\CodeIgniter.php(494): CodeIgniter\CodeIgniter->runController(Object(App\Controllers\MusicController))
 3 SYSTEMPATH\CodeIgniter.php(353): CodeIgniter\CodeIgniter->handleRequest(null, Object(Config\Cache), false)
 4 FCPATH\index.php(79): CodeIgniter\CodeIgniter->run()
 5 SYSTEMPATH\Commands\Server\rewrite.php(47): require_once('C:\\laragon\\www\\mymusic\\public\\index.php')
CRITICAL - 2023-09-25 08:12:58 --> Class "App\Controllers\MusicModel" not found
in APPPATH\Controllers\MusicController.php on line 11.
 1 SYSTEMPATH\CodeIgniter.php(919): App\Controllers\MusicController->index()
 2 SYSTEMPATH\CodeIgniter.php(494): CodeIgniter\CodeIgniter->runController(Object(App\Controllers\MusicController))
 3 SYSTEMPATH\CodeIgniter.php(353): CodeIgniter\CodeIgniter->handleRequest(null, Object(Config\Cache), false)
 4 FCPATH\index.php(79): CodeIgniter\CodeIgniter->run()
 5 SYSTEMPATH\Commands\Server\rewrite.php(47): require_once('C:\\laragon\\www\\mymusic\\public\\index.php')
CRITICAL - 2023-09-25 08:12:59 --> Class "App\Controllers\MusicModel" not found
in APPPATH\Controllers\MusicController.php on line 11.
 1 SYSTEMPATH\CodeIgniter.php(919): App\Controllers\MusicController->index()
 2 SYSTEMPATH\CodeIgniter.php(494): CodeIgniter\CodeIgniter->runController(Object(App\Controllers\MusicController))
 3 SYSTEMPATH\CodeIgniter.php(353): CodeIgniter\CodeIgniter->handleRequest(null, Object(Config\Cache), false)
 4 FCPATH\index.php(79): CodeIgniter\CodeIgniter->run()
 5 SYSTEMPATH\Commands\Server\rewrite.php(47): require_once('C:\\laragon\\www\\mymusic\\public\\index.php')
CRITICAL - 2023-09-25 08:12:59 --> Class "App\Controllers\MusicModel" not found
in APPPATH\Controllers\MusicController.php on line 11.
 1 SYSTEMPATH\CodeIgniter.php(919): App\Controllers\MusicController->index()
 2 SYSTEMPATH\CodeIgniter.php(494): CodeIgniter\CodeIgniter->runController(Object(App\Controllers\MusicController))
 3 SYSTEMPATH\CodeIgniter.php(353): CodeIgniter\CodeIgniter->handleRequest(null, Object(Config\Cache), false)
 4 FCPATH\index.php(79): CodeIgniter\CodeIgniter->run()
 5 SYSTEMPATH\Commands\Server\rewrite.php(47): require_once('C:\\laragon\\www\\mymusic\\public\\index.php')
ERROR - 2023-09-25 08:15:59 --> mysqli_sql_exception: Table 'playlist.music_trucks' doesn't exist in C:\laragon\www\mymusic\system\Database\MySQLi\Connection.php:306
Stack trace:
#0 C:\laragon\www\mymusic\system\Database\MySQLi\Connection.php(306): mysqli->query('SELECT *\nFROM `...', 0)
#1 C:\laragon\www\mymusic\system\Database\BaseConnection.php(692): CodeIgniter\Database\MySQLi\Connection->execute('SELECT *\nFROM `...')
#2 C:\laragon\www\mymusic\system\Database\BaseConnection.php(606): CodeIgniter\Database\BaseConnection->simpleQuery('SELECT *\nFROM `...')
#3 C:\laragon\www\mymusic\system\Database\BaseBuilder.php(1615): CodeIgniter\Database\BaseConnection->query('SELECT *\nFROM `...', Array, false)
#4 C:\laragon\www\mymusic\system\Model.php(237): CodeIgniter\Database\BaseBuilder->get()
#5 C:\laragon\www\mymusic\system\BaseModel.php(624): CodeIgniter\Model->doFindAll(0, 0)
#6 C:\laragon\www\mymusic\app\Controllers\MusicController.php(15): CodeIgniter\BaseModel->findAll()
#7 C:\laragon\www\mymusic\system\CodeIgniter.php(919): App\Controllers\MusicController->index()
#8 C:\laragon\www\mymusic\system\CodeIgniter.php(494): CodeIgniter\CodeIgniter->runController(Object(App\Controllers\MusicController))
#9 C:\laragon\www\mymusic\system\CodeIgniter.php(353): CodeIgniter\CodeIgniter->handleRequest(NULL, Object(Config\Cache), false)
#10 C:\laragon\www\mymusic\public\index.php(79): CodeIgniter\CodeIgniter->run()
#11 C:\laragon\www\mymusic\system\Commands\Server\rewrite.php(47): require_once('C:\\laragon\\www\\...')
#12 {main}
CRITICAL - 2023-09-25 08:15:59 --> Table 'playlist.music_trucks' doesn't exist
in SYSTEMPATH\Database\BaseConnection.php on line 646.
 1 SYSTEMPATH\Database\BaseBuilder.php(1615): CodeIgniter\Database\BaseConnection->query('SELECT *
FROM `music_trucks`', [], false)
 2 SYSTEMPATH\Model.php(237): CodeIgniter\Database\BaseBuilder->get()
 3 SYSTEMPATH\BaseModel.php(624): CodeIgniter\Model->doFindAll(0, 0)
 4 APPPATH\Controllers\MusicController.php(15): CodeIgniter\BaseModel->findAll()
 5 SYSTEMPATH\CodeIgniter.php(919): App\Controllers\MusicController->index()
 6 SYSTEMPATH\CodeIgniter.php(494): CodeIgniter\CodeIgniter->runController(Object(App\Controllers\MusicController))
 7 SYSTEMPATH\CodeIgniter.php(353): CodeIgniter\CodeIgniter->handleRequest(null, Object(Config\Cache), false)
 8 FCPATH\index.php(79): CodeIgniter\CodeIgniter->run()
 9 SYSTEMPATH\Commands\Server\rewrite.php(47): require_once('C:\\laragon\\www\\mymusic\\public\\index.php')
ERROR - 2023-09-25 08:16:00 --> mysqli_sql_exception: Table 'playlist.music_trucks' doesn't exist in C:\laragon\www\mymusic\system\Database\MySQLi\Connection.php:306
Stack trace:
#0 C:\laragon\www\mymusic\system\Database\MySQLi\Connection.php(306): mysqli->query('SELECT *\nFROM `...', 0)
#1 C:\laragon\www\mymusic\system\Database\BaseConnection.php(692): CodeIgniter\Database\MySQLi\Connection->execute('SELECT *\nFROM `...')
#2 C:\laragon\www\mymusic\system\Database\BaseConnection.php(606): CodeIgniter\Database\BaseConnection->simpleQuery('SELECT *\nFROM `...')
#3 C:\laragon\www\mymusic\system\Database\BaseBuilder.php(1615): CodeIgniter\Database\BaseConnection->query('SELECT *\nFROM `...', Array, false)
#4 C:\laragon\www\mymusic\system\Model.php(237): CodeIgniter\Database\BaseBuilder->get()
#5 C:\laragon\www\mymusic\system\BaseModel.php(624): CodeIgniter\Model->doFindAll(0, 0)
#6 C:\laragon\www\mymusic\app\Controllers\MusicController.php(15): CodeIgniter\BaseModel->findAll()
#7 C:\laragon\www\mymusic\system\CodeIgniter.php(919): App\Controllers\MusicController->index()
#8 C:\laragon\www\mymusic\system\CodeIgniter.php(494): CodeIgniter\CodeIgniter->runController(Object(App\Controllers\MusicController))
#9 C:\laragon\www\mymusic\system\CodeIgniter.php(353): CodeIgniter\CodeIgniter->handleRequest(NULL, Object(Config\Cache), false)
#10 C:\laragon\www\mymusic\public\index.php(79): CodeIgniter\CodeIgniter->run()
#11 C:\laragon\www\mymusic\system\Commands\Server\rewrite.php(47): require_once('C:\\laragon\\www\\...')
#12 {main}
CRITICAL - 2023-09-25 08:16:00 --> Table 'playlist.music_trucks' doesn't exist
in SYSTEMPATH\Database\BaseConnection.php on line 646.
 1 SYSTEMPATH\Database\BaseBuilder.php(1615): CodeIgniter\Database\BaseConnection->query('SELECT *
FROM `music_trucks`', [], false)
 2 SYSTEMPATH\Model.php(237): CodeIgniter\Database\BaseBuilder->get()
 3 SYSTEMPATH\BaseModel.php(624): CodeIgniter\Model->doFindAll(0, 0)
 4 APPPATH\Controllers\MusicController.php(15): CodeIgniter\BaseModel->findAll()
 5 SYSTEMPATH\CodeIgniter.php(919): App\Controllers\MusicController->index()
 6 SYSTEMPATH\CodeIgniter.php(494): CodeIgniter\CodeIgniter->runController(Object(App\Controllers\MusicController))
 7 SYSTEMPATH\CodeIgniter.php(353): CodeIgniter\CodeIgniter->handleRequest(null, Object(Config\Cache), false)
 8 FCPATH\index.php(79): CodeIgniter\CodeIgniter->run()
 9 SYSTEMPATH\Commands\Server\rewrite.php(47): require_once('C:\\laragon\\www\\mymusic\\public\\index.php')
CRITICAL - 2023-09-25 08:16:17 --> Class "App\Controllers\MusicModel" not found
in APPPATH\Controllers\MusicController.php on line 11.
 1 SYSTEMPATH\CodeIgniter.php(919): App\Controllers\MusicController->index()
 2 SYSTEMPATH\CodeIgniter.php(494): CodeIgniter\CodeIgniter->runController(Object(App\Controllers\MusicController))
 3 SYSTEMPATH\CodeIgniter.php(353): CodeIgniter\CodeIgniter->handleRequest(null, Object(Config\Cache), false)
 4 FCPATH\index.php(79): CodeIgniter\CodeIgniter->run()
 5 SYSTEMPATH\Commands\Server\rewrite.php(47): require_once('C:\\laragon\\www\\mymusic\\public\\index.php')
CRITICAL - 2023-09-25 08:16:18 --> Class "App\Controllers\MusicModel" not found
in APPPATH\Controllers\MusicController.php on line 11.
 1 SYSTEMPATH\CodeIgniter.php(919): App\Controllers\MusicController->index()
 2 SYSTEMPATH\CodeIgniter.php(494): CodeIgniter\CodeIgniter->runController(Object(App\Controllers\MusicController))
 3 SYSTEMPATH\CodeIgniter.php(353): CodeIgniter\CodeIgniter->handleRequest(null, Object(Config\Cache), false)
 4 FCPATH\index.php(79): CodeIgniter\CodeIgniter->run()
 5 SYSTEMPATH\Commands\Server\rewrite.php(47): require_once('C:\\laragon\\www\\mymusic\\public\\index.php')
CRITICAL - 2023-09-25 08:17:59 --> Class "App\Controllers\MusicModel" not found
in APPPATH\Controllers\MusicController.php on line 11.
 1 SYSTEMPATH\CodeIgniter.php(919): App\Controllers\MusicController->index()
 2 SYSTEMPATH\CodeIgniter.php(494): CodeIgniter\CodeIgniter->runController(Object(App\Controllers\MusicController))
 3 SYSTEMPATH\CodeIgniter.php(353): CodeIgniter\CodeIgniter->handleRequest(null, Object(Config\Cache), false)
 4 FCPATH\index.php(79): CodeIgniter\CodeIgniter->run()
 5 SYSTEMPATH\Commands\Server\rewrite.php(47): require_once('C:\\laragon\\www\\mymusic\\public\\index.php')
CRITICAL - 2023-09-25 08:18:42 --> Class "App\Controllers\MusicModel" not found
in APPPATH\Controllers\MusicController.php on line 11.
 1 SYSTEMPATH\CodeIgniter.php(919): App\Controllers\MusicController->index()
 2 SYSTEMPATH\CodeIgniter.php(494): CodeIgniter\CodeIgniter->runController(Object(App\Controllers\MusicController))
 3 SYSTEMPATH\CodeIgniter.php(353): CodeIgniter\CodeIgniter->handleRequest(null, Object(Config\Cache), false)
 4 FCPATH\index.php(79): CodeIgniter\CodeIgniter->run()
 5 SYSTEMPATH\Commands\Server\rewrite.php(47): require_once('C:\\laragon\\www\\mymusic\\public\\index.php')
CRITICAL - 2023-09-25 08:18:43 --> Class "App\Controllers\MusicModel" not found
in APPPATH\Controllers\MusicController.php on line 11.
 1 SYSTEMPATH\CodeIgniter.php(919): App\Controllers\MusicController->index()
 2 SYSTEMPATH\CodeIgniter.php(494): CodeIgniter\CodeIgniter->runController(Object(App\Controllers\MusicController))
 3 SYSTEMPATH\CodeIgniter.php(353): CodeIgniter\CodeIgniter->handleRequest(null, Object(Config\Cache), false)
 4 FCPATH\index.php(79): CodeIgniter\CodeIgniter->run()
 5 SYSTEMPATH\Commands\Server\rewrite.php(47): require_once('C:\\laragon\\www\\mymusic\\public\\index.php')
CRITICAL - 2023-09-25 08:18:44 --> Class "App\Controllers\MusicModel" not found
in APPPATH\Controllers\MusicController.php on line 11.
 1 SYSTEMPATH\CodeIgniter.php(919): App\Controllers\MusicController->index()
 2 SYSTEMPATH\CodeIgniter.php(494): CodeIgniter\CodeIgniter->runController(Object(App\Controllers\MusicController))
 3 SYSTEMPATH\CodeIgniter.php(353): CodeIgniter\CodeIgniter->handleRequest(null, Object(Config\Cache), false)
 4 FCPATH\index.php(79): CodeIgniter\CodeIgniter->run()
 5 SYSTEMPATH\Commands\Server\rewrite.php(47): require_once('C:\\laragon\\www\\mymusic\\public\\index.php')
CRITICAL - 2023-09-25 08:19:27 --> Class "App\Controllers\MusicModel" not found
in APPPATH\Controllers\MusicController.php on line 11.
 1 SYSTEMPATH\CodeIgniter.php(919): App\Controllers\MusicController->index()
 2 SYSTEMPATH\CodeIgniter.php(494): CodeIgniter\CodeIgniter->runController(Object(App\Controllers\MusicController))
 3 SYSTEMPATH\CodeIgniter.php(353): CodeIgniter\CodeIgniter->handleRequest(null, Object(Config\Cache), false)
 4 FCPATH\index.php(79): CodeIgniter\CodeIgniter->run()
 5 SYSTEMPATH\Commands\Server\rewrite.php(47): require_once('C:\\laragon\\www\\mymusic\\public\\index.php')
CRITICAL - 2023-09-25 08:19:28 --> Class "App\Controllers\MusicModel" not found
in APPPATH\Controllers\MusicController.php on line 11.
 1 SYSTEMPATH\CodeIgniter.php(919): App\Controllers\MusicController->index()
 2 SYSTEMPATH\CodeIgniter.php(494): CodeIgniter\CodeIgniter->runController(Object(App\Controllers\MusicController))
 3 SYSTEMPATH\CodeIgniter.php(353): CodeIgniter\CodeIgniter->handleRequest(null, Object(Config\Cache), false)
 4 FCPATH\index.php(79): CodeIgniter\CodeIgniter->run()
 5 SYSTEMPATH\Commands\Server\rewrite.php(47): require_once('C:\\laragon\\www\\mymusic\\public\\index.php')
CRITICAL - 2023-09-25 08:19:29 --> Class "App\Controllers\MusicModel" not found
in APPPATH\Controllers\MusicController.php on line 11.
 1 SYSTEMPATH\CodeIgniter.php(919): App\Controllers\MusicController->index()
 2 SYSTEMPATH\CodeIgniter.php(494): CodeIgniter\CodeIgniter->runController(Object(App\Controllers\MusicController))
 3 SYSTEMPATH\CodeIgniter.php(353): CodeIgniter\CodeIgniter->handleRequest(null, Object(Config\Cache), false)
 4 FCPATH\index.php(79): CodeIgniter\CodeIgniter->run()
 5 SYSTEMPATH\Commands\Server\rewrite.php(47): require_once('C:\\laragon\\www\\mymusic\\public\\index.php')
CRITICAL - 2023-09-25 08:19:29 --> Class "App\Controllers\MusicModel" not found
in APPPATH\Controllers\MusicController.php on line 11.
 1 SYSTEMPATH\CodeIgniter.php(919): App\Controllers\MusicController->index()
 2 SYSTEMPATH\CodeIgniter.php(494): CodeIgniter\CodeIgniter->runController(Object(App\Controllers\MusicController))
 3 SYSTEMPATH\CodeIgniter.php(353): CodeIgniter\CodeIgniter->handleRequest(null, Object(Config\Cache), false)
 4 FCPATH\index.php(79): CodeIgniter\CodeIgniter->run()
 5 SYSTEMPATH\Commands\Server\rewrite.php(47): require_once('C:\\laragon\\www\\mymusic\\public\\index.php')
CRITICAL - 2023-09-25 08:19:30 --> Class "App\Controllers\MusicModel" not found
in APPPATH\Controllers\MusicController.php on line 11.
 1 SYSTEMPATH\CodeIgniter.php(919): App\Controllers\MusicController->index()
 2 SYSTEMPATH\CodeIgniter.php(494): CodeIgniter\CodeIgniter->runController(Object(App\Controllers\MusicController))
 3 SYSTEMPATH\CodeIgniter.php(353): CodeIgniter\CodeIgniter->handleRequest(null, Object(Config\Cache), false)
 4 FCPATH\index.php(79): CodeIgniter\CodeIgniter->run()
 5 SYSTEMPATH\Commands\Server\rewrite.php(47): require_once('C:\\laragon\\www\\mymusic\\public\\index.php')
CRITICAL - 2023-09-25 08:21:54 --> Class "App\Controllers\MusicModel" not found
in APPPATH\Controllers\MusicController.php on line 11.
 1 SYSTEMPATH\CodeIgniter.php(919): App\Controllers\MusicController->index()
 2 SYSTEMPATH\CodeIgniter.php(494): CodeIgniter\CodeIgniter->runController(Object(App\Controllers\MusicController))
 3 SYSTEMPATH\CodeIgniter.php(353): CodeIgniter\CodeIgniter->handleRequest(null, Object(Config\Cache), false)
 4 FCPATH\index.php(79): CodeIgniter\CodeIgniter->run()
 5 SYSTEMPATH\Commands\Server\rewrite.php(47): require_once('C:\\laragon\\www\\mymusic\\public\\index.php')
CRITICAL - 2023-09-25 08:21:54 --> Class "App\Controllers\MusicModel" not found
in APPPATH\Controllers\MusicController.php on line 11.
 1 SYSTEMPATH\CodeIgniter.php(919): App\Controllers\MusicController->index()
 2 SYSTEMPATH\CodeIgniter.php(494): CodeIgniter\CodeIgniter->runController(Object(App\Controllers\MusicController))
 3 SYSTEMPATH\CodeIgniter.php(353): CodeIgniter\CodeIgniter->handleRequest(null, Object(Config\Cache), false)
 4 FCPATH\index.php(79): CodeIgniter\CodeIgniter->run()
 5 SYSTEMPATH\Commands\Server\rewrite.php(47): require_once('C:\\laragon\\www\\mymusic\\public\\index.php')
CRITICAL - 2023-09-25 08:21:55 --> Class "App\Controllers\MusicModel" not found
in APPPATH\Controllers\MusicController.php on line 11.
 1 SYSTEMPATH\CodeIgniter.php(919): App\Controllers\MusicController->index()
 2 SYSTEMPATH\CodeIgniter.php(494): CodeIgniter\CodeIgniter->runController(Object(App\Controllers\MusicController))
 3 SYSTEMPATH\CodeIgniter.php(353): CodeIgniter\CodeIgniter->handleRequest(null, Object(Config\Cache), false)
 4 FCPATH\index.php(79): CodeIgniter\CodeIgniter->run()
 5 SYSTEMPATH\Commands\Server\rewrite.php(47): require_once('C:\\laragon\\www\\mymusic\\public\\index.php')
CRITICAL - 2023-09-25 08:21:55 --> Class "App\Controllers\MusicModel" not found
in APPPATH\Controllers\MusicController.php on line 11.
 1 SYSTEMPATH\CodeIgniter.php(919): App\Controllers\MusicController->index()
 2 SYSTEMPATH\CodeIgniter.php(494): CodeIgniter\CodeIgniter->runController(Object(App\Controllers\MusicController))
 3 SYSTEMPATH\CodeIgniter.php(353): CodeIgniter\CodeIgniter->handleRequest(null, Object(Config\Cache), false)
 4 FCPATH\index.php(79): CodeIgniter\CodeIgniter->run()
 5 SYSTEMPATH\Commands\Server\rewrite.php(47): require_once('C:\\laragon\\www\\mymusic\\public\\index.php')
CRITICAL - 2023-09-25 08:21:55 --> Class "App\Controllers\MusicModel" not found
in APPPATH\Controllers\MusicController.php on line 11.
 1 SYSTEMPATH\CodeIgniter.php(919): App\Controllers\MusicController->index()
 2 SYSTEMPATH\CodeIgniter.php(494): CodeIgniter\CodeIgniter->runController(Object(App\Controllers\MusicController))
 3 SYSTEMPATH\CodeIgniter.php(353): CodeIgniter\CodeIgniter->handleRequest(null, Object(Config\Cache), false)
 4 FCPATH\index.php(79): CodeIgniter\CodeIgniter->run()
 5 SYSTEMPATH\Commands\Server\rewrite.php(47): require_once('C:\\laragon\\www\\mymusic\\public\\index.php')
CRITICAL - 2023-09-25 08:24:30 --> Undefined array key "file_name"
in APPPATH\Views\music_player.php on line 161.
 1 APPPATH\Views\music_player.php(161): CodeIgniter\Debug\Exceptions->errorHandler(2, 'Undefined array key "file_name"', 'C:\\laragon\\www\\mymusic\\app\\Views\\music_player.php', 161)
 2 SYSTEMPATH\View\View.php(226): include('C:\\laragon\\www\\mymusic\\app\\Views\\music_player.php')
 3 SYSTEMPATH\View\View.php(229): CodeIgniter\View\View->CodeIgniter\View\{closure}()
 4 SYSTEMPATH\Common.php(1188): CodeIgniter\View\View->render('music_player', [], true)
 5 APPPATH\Controllers\MusicController.php(19): view('music_player', [...])
 6 SYSTEMPATH\CodeIgniter.php(919): App\Controllers\MusicController->index()
 7 SYSTEMPATH\CodeIgniter.php(494): CodeIgniter\CodeIgniter->runController(Object(App\Controllers\MusicController))
 8 SYSTEMPATH\CodeIgniter.php(353): CodeIgniter\CodeIgniter->handleRequest(null, Object(Config\Cache), false)
 9 FCPATH\index.php(79): CodeIgniter\CodeIgniter->run()
10 SYSTEMPATH\Commands\Server\rewrite.php(47): require_once('C:\\laragon\\www\\mymusic\\public\\index.php')
CRITICAL - 2023-09-25 08:24:31 --> Undefined array key "file_name"
in APPPATH\Views\music_player.php on line 161.
 1 APPPATH\Views\music_player.php(161): CodeIgniter\Debug\Exceptions->errorHandler(2, 'Undefined array key "file_name"', 'C:\\laragon\\www\\mymusic\\app\\Views\\music_player.php', 161)
 2 SYSTEMPATH\View\View.php(226): include('C:\\laragon\\www\\mymusic\\app\\Views\\music_player.php')
 3 SYSTEMPATH\View\View.php(229): CodeIgniter\View\View->CodeIgniter\View\{closure}()
 4 SYSTEMPATH\Common.php(1188): CodeIgniter\View\View->render('music_player', [], true)
 5 APPPATH\Controllers\MusicController.php(19): view('music_player', [...])
 6 SYSTEMPATH\CodeIgniter.php(919): App\Controllers\MusicController->index()
 7 SYSTEMPATH\CodeIgniter.php(494): CodeIgniter\CodeIgniter->runController(Object(App\Controllers\MusicController))
 8 SYSTEMPATH\CodeIgniter.php(353): CodeIgniter\CodeIgniter->handleRequest(null, Object(Config\Cache), false)
 9 FCPATH\index.php(79): CodeIgniter\CodeIgniter->run()
10 SYSTEMPATH\Commands\Server\rewrite.php(47): require_once('C:\\laragon\\www\\mymusic\\public\\index.php')
CRITICAL - 2023-09-25 08:34:09 --> Undefined array key "file_name"
in APPPATH\Views\music_player.php on line 161.
 1 APPPATH\Views\music_player.php(161): CodeIgniter\Debug\Exceptions->errorHandler(2, 'Undefined array key "file_name"', 'C:\\laragon\\www\\mymusic\\app\\Views\\music_player.php', 161)
 2 SYSTEMPATH\View\View.php(226): include('C:\\laragon\\www\\mymusic\\app\\Views\\music_player.php')
 3 SYSTEMPATH\View\View.php(229): CodeIgniter\View\View->CodeIgniter\View\{closure}()
 4 SYSTEMPATH\Common.php(1188): CodeIgniter\View\View->render('music_player', [], true)
 5 APPPATH\Controllers\MusicController.php(19): view('music_player', [...])
 6 SYSTEMPATH\CodeIgniter.php(919): App\Controllers\MusicController->index()
 7 SYSTEMPATH\CodeIgniter.php(494): CodeIgniter\CodeIgniter->runController(Object(App\Controllers\MusicController))
 8 SYSTEMPATH\CodeIgniter.php(353): CodeIgniter\CodeIgniter->handleRequest(null, Object(Config\Cache), false)
 9 FCPATH\index.php(79): CodeIgniter\CodeIgniter->run()
10 SYSTEMPATH\Commands\Server\rewrite.php(47): require_once('C:\\laragon\\www\\mymusic\\public\\index.php')
CRITICAL - 2023-09-25 08:34:10 --> Undefined array key "file_name"
in APPPATH\Views\music_player.php on line 161.
 1 APPPATH\Views\music_player.php(161): CodeIgniter\Debug\Exceptions->errorHandler(2, 'Undefined array key "file_name"', 'C:\\laragon\\www\\mymusic\\app\\Views\\music_player.php', 161)
 2 SYSTEMPATH\View\View.php(226): include('C:\\laragon\\www\\mymusic\\app\\Views\\music_player.php')
 3 SYSTEMPATH\View\View.php(229): CodeIgniter\View\View->CodeIgniter\View\{closure}()
 4 SYSTEMPATH\Common.php(1188): CodeIgniter\View\View->render('music_player', [], true)
 5 APPPATH\Controllers\MusicController.php(19): view('music_player', [...])
 6 SYSTEMPATH\CodeIgniter.php(919): App\Controllers\MusicController->index()
 7 SYSTEMPATH\CodeIgniter.php(494): CodeIgniter\CodeIgniter->runController(Object(App\Controllers\MusicController))
 8 SYSTEMPATH\CodeIgniter.php(353): CodeIgniter\CodeIgniter->handleRequest(null, Object(Config\Cache), false)
 9 FCPATH\index.php(79): CodeIgniter\CodeIgniter->run()
10 SYSTEMPATH\Commands\Server\rewrite.php(47): require_once('C:\\laragon\\www\\mymusic\\public\\index.php')
CRITICAL - 2023-09-25 08:34:37 --> Undefined array key "file_name"
in APPPATH\Views\music_player.php on line 161.
 1 APPPATH\Views\music_player.php(161): CodeIgniter\Debug\Exceptions->errorHandler(2, 'Undefined array key "file_name"', 'C:\\laragon\\www\\mymusic\\app\\Views\\music_player.php', 161)
 2 SYSTEMPATH\View\View.php(226): include('C:\\laragon\\www\\mymusic\\app\\Views\\music_player.php')
 3 SYSTEMPATH\View\View.php(229): CodeIgniter\View\View->CodeIgniter\View\{closure}()
 4 SYSTEMPATH\Common.php(1188): CodeIgniter\View\View->render('music_player', [], true)
 5 APPPATH\Controllers\MusicController.php(19): view('music_player', [...])
 6 SYSTEMPATH\CodeIgniter.php(919): App\Controllers\MusicController->index()
 7 SYSTEMPATH\CodeIgniter.php(494): CodeIgniter\CodeIgniter->runController(Object(App\Controllers\MusicController))
 8 SYSTEMPATH\CodeIgniter.php(353): CodeIgniter\CodeIgniter->handleRequest(null, Object(Config\Cache), false)
 9 FCPATH\index.php(79): CodeIgniter\CodeIgniter->run()
10 SYSTEMPATH\Commands\Server\rewrite.php(47): require_once('C:\\laragon\\www\\mymusic\\public\\index.php')
CRITICAL - 2023-09-25 08:34:40 --> Undefined array key "file_name"
in APPPATH\Views\music_player.php on line 161.
 1 APPPATH\Views\music_player.php(161): CodeIgniter\Debug\Exceptions->errorHandler(2, 'Undefined array key "file_name"', 'C:\\laragon\\www\\mymusic\\app\\Views\\music_player.php', 161)
 2 SYSTEMPATH\View\View.php(226): include('C:\\laragon\\www\\mymusic\\app\\Views\\music_player.php')
 3 SYSTEMPATH\View\View.php(229): CodeIgniter\View\View->CodeIgniter\View\{closure}()
 4 SYSTEMPATH\Common.php(1188): CodeIgniter\View\View->render('music_player', [], true)
 5 APPPATH\Controllers\MusicController.php(19): view('music_player', [...])
 6 SYSTEMPATH\CodeIgniter.php(919): App\Controllers\MusicController->index()
 7 SYSTEMPATH\CodeIgniter.php(494): CodeIgniter\CodeIgniter->runController(Object(App\Controllers\MusicController))
 8 SYSTEMPATH\CodeIgniter.php(353): CodeIgniter\CodeIgniter->handleRequest(null, Object(Config\Cache), false)
 9 FCPATH\index.php(79): CodeIgniter\CodeIgniter->run()
10 SYSTEMPATH\Commands\Server\rewrite.php(47): require_once('C:\\laragon\\www\\mymusic\\public\\index.php')
CRITICAL - 2023-09-25 08:34:41 --> Undefined array key "file_name"
in APPPATH\Views\music_player.php on line 161.
 1 APPPATH\Views\music_player.php(161): CodeIgniter\Debug\Exceptions->errorHandler(2, 'Undefined array key "file_name"', 'C:\\laragon\\www\\mymusic\\app\\Views\\music_player.php', 161)
 2 SYSTEMPATH\View\View.php(226): include('C:\\laragon\\www\\mymusic\\app\\Views\\music_player.php')
 3 SYSTEMPATH\View\View.php(229): CodeIgniter\View\View->CodeIgniter\View\{closure}()
 4 SYSTEMPATH\Common.php(1188): CodeIgniter\View\View->render('music_player', [], true)
 5 APPPATH\Controllers\MusicController.php(19): view('music_player', [...])
 6 SYSTEMPATH\CodeIgniter.php(919): App\Controllers\MusicController->index()
 7 SYSTEMPATH\CodeIgniter.php(494): CodeIgniter\CodeIgniter->runController(Object(App\Controllers\MusicController))
 8 SYSTEMPATH\CodeIgniter.php(353): CodeIgniter\CodeIgniter->handleRequest(null, Object(Config\Cache), false)
 9 FCPATH\index.php(79): CodeIgniter\CodeIgniter->run()
10 SYSTEMPATH\Commands\Server\rewrite.php(47): require_once('C:\\laragon\\www\\mymusic\\public\\index.php')
CRITICAL - 2023-09-25 08:34:41 --> Undefined array key "file_name"
in APPPATH\Views\music_player.php on line 161.
 1 APPPATH\Views\music_player.php(161): CodeIgniter\Debug\Exceptions->errorHandler(2, 'Undefined array key "file_name"', 'C:\\laragon\\www\\mymusic\\app\\Views\\music_player.php', 161)
 2 SYSTEMPATH\View\View.php(226): include('C:\\laragon\\www\\mymusic\\app\\Views\\music_player.php')
 3 SYSTEMPATH\View\View.php(229): CodeIgniter\View\View->CodeIgniter\View\{closure}()
 4 SYSTEMPATH\Common.php(1188): CodeIgniter\View\View->render('music_player', [], true)
 5 APPPATH\Controllers\MusicController.php(19): view('music_player', [...])
 6 SYSTEMPATH\CodeIgniter.php(919): App\Controllers\MusicController->index()
 7 SYSTEMPATH\CodeIgniter.php(494): CodeIgniter\CodeIgniter->runController(Object(App\Controllers\MusicController))
 8 SYSTEMPATH\CodeIgniter.php(353): CodeIgniter\CodeIgniter->handleRequest(null, Object(Config\Cache), false)
 9 FCPATH\index.php(79): CodeIgniter\CodeIgniter->run()
10 SYSTEMPATH\Commands\Server\rewrite.php(47): require_once('C:\\laragon\\www\\mymusic\\public\\index.php')
CRITICAL - 2023-09-25 08:34:42 --> Undefined array key "file_name"
in APPPATH\Views\music_player.php on line 161.
 1 APPPATH\Views\music_player.php(161): CodeIgniter\Debug\Exceptions->errorHandler(2, 'Undefined array key "file_name"', 'C:\\laragon\\www\\mymusic\\app\\Views\\music_player.php', 161)
 2 SYSTEMPATH\View\View.php(226): include('C:\\laragon\\www\\mymusic\\app\\Views\\music_player.php')
 3 SYSTEMPATH\View\View.php(229): CodeIgniter\View\View->CodeIgniter\View\{closure}()
 4 SYSTEMPATH\Common.php(1188): CodeIgniter\View\View->render('music_player', [], true)
 5 APPPATH\Controllers\MusicController.php(19): view('music_player', [...])
 6 SYSTEMPATH\CodeIgniter.php(919): App\Controllers\MusicController->index()
 7 SYSTEMPATH\CodeIgniter.php(494): CodeIgniter\CodeIgniter->runController(Object(App\Controllers\MusicController))
 8 SYSTEMPATH\CodeIgniter.php(353): CodeIgniter\CodeIgniter->handleRequest(null, Object(Config\Cache), false)
 9 FCPATH\index.php(79): CodeIgniter\CodeIgniter->run()
10 SYSTEMPATH\Commands\Server\rewrite.php(47): require_once('C:\\laragon\\www\\mymusic\\public\\index.php')
CRITICAL - 2023-09-25 08:34:42 --> Undefined array key "file_name"
in APPPATH\Views\music_player.php on line 161.
 1 APPPATH\Views\music_player.php(161): CodeIgniter\Debug\Exceptions->errorHandler(2, 'Undefined array key "file_name"', 'C:\\laragon\\www\\mymusic\\app\\Views\\music_player.php', 161)
 2 SYSTEMPATH\View\View.php(226): include('C:\\laragon\\www\\mymusic\\app\\Views\\music_player.php')
 3 SYSTEMPATH\View\View.php(229): CodeIgniter\View\View->CodeIgniter\View\{closure}()
 4 SYSTEMPATH\Common.php(1188): CodeIgniter\View\View->render('music_player', [], true)
 5 APPPATH\Controllers\MusicController.php(19): view('music_player', [...])
 6 SYSTEMPATH\CodeIgniter.php(919): App\Controllers\MusicController->index()
 7 SYSTEMPATH\CodeIgniter.php(494): CodeIgniter\CodeIgniter->runController(Object(App\Controllers\MusicController))
 8 SYSTEMPATH\CodeIgniter.php(353): CodeIgniter\CodeIgniter->handleRequest(null, Object(Config\Cache), false)
 9 FCPATH\index.php(79): CodeIgniter\CodeIgniter->run()
10 SYSTEMPATH\Commands\Server\rewrite.php(47): require_once('C:\\laragon\\www\\mymusic\\public\\index.php')
CRITICAL - 2023-09-25 08:35:56 --> Undefined array key "file_name"
in APPPATH\Views\music_player.php on line 161.
 1 APPPATH\Views\music_player.php(161): CodeIgniter\Debug\Exceptions->errorHandler(2, 'Undefined array key "file_name"', 'C:\\laragon\\www\\mymusic\\app\\Views\\music_player.php', 161)
 2 SYSTEMPATH\View\View.php(226): include('C:\\laragon\\www\\mymusic\\app\\Views\\music_player.php')
 3 SYSTEMPATH\View\View.php(229): CodeIgniter\View\View->CodeIgniter\View\{closure}()
 4 SYSTEMPATH\Common.php(1188): CodeIgniter\View\View->render('music_player', [], true)
 5 APPPATH\Controllers\MusicController.php(19): view('music_player', [...])
 6 SYSTEMPATH\CodeIgniter.php(919): App\Controllers\MusicController->index()
 7 SYSTEMPATH\CodeIgniter.php(494): CodeIgniter\CodeIgniter->runController(Object(App\Controllers\MusicController))
 8 SYSTEMPATH\CodeIgniter.php(353): CodeIgniter\CodeIgniter->handleRequest(null, Object(Config\Cache), false)
 9 FCPATH\index.php(79): CodeIgniter\CodeIgniter->run()
10 SYSTEMPATH\Commands\Server\rewrite.php(47): require_once('C:\\laragon\\www\\mymusic\\public\\index.php')
CRITICAL - 2023-09-25 08:35:57 --> Undefined array key "file_name"
in APPPATH\Views\music_player.php on line 161.
 1 APPPATH\Views\music_player.php(161): CodeIgniter\Debug\Exceptions->errorHandler(2, 'Undefined array key "file_name"', 'C:\\laragon\\www\\mymusic\\app\\Views\\music_player.php', 161)
 2 SYSTEMPATH\View\View.php(226): include('C:\\laragon\\www\\mymusic\\app\\Views\\music_player.php')
 3 SYSTEMPATH\View\View.php(229): CodeIgniter\View\View->CodeIgniter\View\{closure}()
 4 SYSTEMPATH\Common.php(1188): CodeIgniter\View\View->render('music_player', [], true)
 5 APPPATH\Controllers\MusicController.php(19): view('music_player', [...])
 6 SYSTEMPATH\CodeIgniter.php(919): App\Controllers\MusicController->index()
 7 SYSTEMPATH\CodeIgniter.php(494): CodeIgniter\CodeIgniter->runController(Object(App\Controllers\MusicController))
 8 SYSTEMPATH\CodeIgniter.php(353): CodeIgniter\CodeIgniter->handleRequest(null, Object(Config\Cache), false)
 9 FCPATH\index.php(79): CodeIgniter\CodeIgniter->run()
10 SYSTEMPATH\Commands\Server\rewrite.php(47): require_once('C:\\laragon\\www\\mymusic\\public\\index.php')
CRITICAL - 2023-09-25 08:35:58 --> Undefined array key "file_name"
in APPPATH\Views\music_player.php on line 161.
 1 APPPATH\Views\music_player.php(161): CodeIgniter\Debug\Exceptions->errorHandler(2, 'Undefined array key "file_name"', 'C:\\laragon\\www\\mymusic\\app\\Views\\music_player.php', 161)
 2 SYSTEMPATH\View\View.php(226): include('C:\\laragon\\www\\mymusic\\app\\Views\\music_player.php')
 3 SYSTEMPATH\View\View.php(229): CodeIgniter\View\View->CodeIgniter\View\{closure}()
 4 SYSTEMPATH\Common.php(1188): CodeIgniter\View\View->render('music_player', [], true)
 5 APPPATH\Controllers\MusicController.php(19): view('music_player', [...])
 6 SYSTEMPATH\CodeIgniter.php(919): App\Controllers\MusicController->index()
 7 SYSTEMPATH\CodeIgniter.php(494): CodeIgniter\CodeIgniter->runController(Object(App\Controllers\MusicController))
 8 SYSTEMPATH\CodeIgniter.php(353): CodeIgniter\CodeIgniter->handleRequest(null, Object(Config\Cache), false)
 9 FCPATH\index.php(79): CodeIgniter\CodeIgniter->run()
10 SYSTEMPATH\Commands\Server\rewrite.php(47): require_once('C:\\laragon\\www\\mymusic\\public\\index.php')
CRITICAL - 2023-09-25 08:38:02 --> Undefined array key "file_name"
in APPPATH\Views\music_player.php on line 161.
 1 APPPATH\Views\music_player.php(161): CodeIgniter\Debug\Exceptions->errorHandler(2, 'Undefined array key "file_name"', 'C:\\laragon\\www\\mymusic\\app\\Views\\music_player.php', 161)
 2 SYSTEMPATH\View\View.php(226): include('C:\\laragon\\www\\mymusic\\app\\Views\\music_player.php')
 3 SYSTEMPATH\View\View.php(229): CodeIgniter\View\View->CodeIgniter\View\{closure}()
 4 SYSTEMPATH\Common.php(1188): CodeIgniter\View\View->render('music_player', [], true)
 5 APPPATH\Controllers\MusicController.php(19): view('music_player', [...])
 6 SYSTEMPATH\CodeIgniter.php(919): App\Controllers\MusicController->index()
 7 SYSTEMPATH\CodeIgniter.php(494): CodeIgniter\CodeIgniter->runController(Object(App\Controllers\MusicController))
 8 SYSTEMPATH\CodeIgniter.php(353): CodeIgniter\CodeIgniter->handleRequest(null, Object(Config\Cache), false)
 9 FCPATH\index.php(79): CodeIgniter\CodeIgniter->run()
10 SYSTEMPATH\Commands\Server\rewrite.php(47): require_once('C:\\laragon\\www\\mymusic\\public\\index.php')
CRITICAL - 2023-09-25 08:38:03 --> Undefined array key "file_name"
in APPPATH\Views\music_player.php on line 161.
 1 APPPATH\Views\music_player.php(161): CodeIgniter\Debug\Exceptions->errorHandler(2, 'Undefined array key "file_name"', 'C:\\laragon\\www\\mymusic\\app\\Views\\music_player.php', 161)
 2 SYSTEMPATH\View\View.php(226): include('C:\\laragon\\www\\mymusic\\app\\Views\\music_player.php')
 3 SYSTEMPATH\View\View.php(229): CodeIgniter\View\View->CodeIgniter\View\{closure}()
 4 SYSTEMPATH\Common.php(1188): CodeIgniter\View\View->render('music_player', [], true)
 5 APPPATH\Controllers\MusicController.php(19): view('music_player', [...])
 6 SYSTEMPATH\CodeIgniter.php(919): App\Controllers\MusicController->index()
 7 SYSTEMPATH\CodeIgniter.php(494): CodeIgniter\CodeIgniter->runController(Object(App\Controllers\MusicController))
 8 SYSTEMPATH\CodeIgniter.php(353): CodeIgniter\CodeIgniter->handleRequest(null, Object(Config\Cache), false)
 9 FCPATH\index.php(79): CodeIgniter\CodeIgniter->run()
10 SYSTEMPATH\Commands\Server\rewrite.php(47): require_once('C:\\laragon\\www\\mymusic\\public\\index.php')
CRITICAL - 2023-09-25 08:38:04 --> Undefined array key "file_name"
in APPPATH\Views\music_player.php on line 161.
 1 APPPATH\Views\music_player.php(161): CodeIgniter\Debug\Exceptions->errorHandler(2, 'Undefined array key "file_name"', 'C:\\laragon\\www\\mymusic\\app\\Views\\music_player.php', 161)
 2 SYSTEMPATH\View\View.php(226): include('C:\\laragon\\www\\mymusic\\app\\Views\\music_player.php')
 3 SYSTEMPATH\View\View.php(229): CodeIgniter\View\View->CodeIgniter\View\{closure}()
 4 SYSTEMPATH\Common.php(1188): CodeIgniter\View\View->render('music_player', [], true)
 5 APPPATH\Controllers\MusicController.php(19): view('music_player', [...])
 6 SYSTEMPATH\CodeIgniter.php(919): App\Controllers\MusicController->index()
 7 SYSTEMPATH\CodeIgniter.php(494): CodeIgniter\CodeIgniter->runController(Object(App\Controllers\MusicController))
 8 SYSTEMPATH\CodeIgniter.php(353): CodeIgniter\CodeIgniter->handleRequest(null, Object(Config\Cache), false)
 9 FCPATH\index.php(79): CodeIgniter\CodeIgniter->run()
10 SYSTEMPATH\Commands\Server\rewrite.php(47): require_once('C:\\laragon\\www\\mymusic\\public\\index.php')
CRITICAL - 2023-09-25 08:38:04 --> Undefined array key "file_name"
in APPPATH\Views\music_player.php on line 161.
 1 APPPATH\Views\music_player.php(161): CodeIgniter\Debug\Exceptions->errorHandler(2, 'Undefined array key "file_name"', 'C:\\laragon\\www\\mymusic\\app\\Views\\music_player.php', 161)
 2 SYSTEMPATH\View\View.php(226): include('C:\\laragon\\www\\mymusic\\app\\Views\\music_player.php')
 3 SYSTEMPATH\View\View.php(229): CodeIgniter\View\View->CodeIgniter\View\{closure}()
 4 SYSTEMPATH\Common.php(1188): CodeIgniter\View\View->render('music_player', [], true)
 5 APPPATH\Controllers\MusicController.php(19): view('music_player', [...])
 6 SYSTEMPATH\CodeIgniter.php(919): App\Controllers\MusicController->index()
 7 SYSTEMPATH\CodeIgniter.php(494): CodeIgniter\CodeIgniter->runController(Object(App\Controllers\MusicController))
 8 SYSTEMPATH\CodeIgniter.php(353): CodeIgniter\CodeIgniter->handleRequest(null, Object(Config\Cache), false)
 9 FCPATH\index.php(79): CodeIgniter\CodeIgniter->run()
10 SYSTEMPATH\Commands\Server\rewrite.php(47): require_once('C:\\laragon\\www\\mymusic\\public\\index.php')
CRITICAL - 2023-09-25 08:38:04 --> Undefined array key "file_name"
in APPPATH\Views\music_player.php on line 161.
 1 APPPATH\Views\music_player.php(161): CodeIgniter\Debug\Exceptions->errorHandler(2, 'Undefined array key "file_name"', 'C:\\laragon\\www\\mymusic\\app\\Views\\music_player.php', 161)
 2 SYSTEMPATH\View\View.php(226): include('C:\\laragon\\www\\mymusic\\app\\Views\\music_player.php')
 3 SYSTEMPATH\View\View.php(229): CodeIgniter\View\View->CodeIgniter\View\{closure}()
 4 SYSTEMPATH\Common.php(1188): CodeIgniter\View\View->render('music_player', [], true)
 5 APPPATH\Controllers\MusicController.php(19): view('music_player', [...])
 6 SYSTEMPATH\CodeIgniter.php(919): App\Controllers\MusicController->index()
 7 SYSTEMPATH\CodeIgniter.php(494): CodeIgniter\CodeIgniter->runController(Object(App\Controllers\MusicController))
 8 SYSTEMPATH\CodeIgniter.php(353): CodeIgniter\CodeIgniter->handleRequest(null, Object(Config\Cache), false)
 9 FCPATH\index.php(79): CodeIgniter\CodeIgniter->run()
10 SYSTEMPATH\Commands\Server\rewrite.php(47): require_once('C:\\laragon\\www\\mymusic\\public\\index.php')
CRITICAL - 2023-09-25 08:39:13 --> Undefined array key "file_name"
in APPPATH\Views\music_player.php on line 161.
 1 APPPATH\Views\music_player.php(161): CodeIgniter\Debug\Exceptions->errorHandler(2, 'Undefined array key "file_name"', 'C:\\laragon\\www\\mymusic\\app\\Views\\music_player.php', 161)
 2 SYSTEMPATH\View\View.php(226): include('C:\\laragon\\www\\mymusic\\app\\Views\\music_player.php')
 3 SYSTEMPATH\View\View.php(229): CodeIgniter\View\View->CodeIgniter\View\{closure}()
 4 SYSTEMPATH\Common.php(1188): CodeIgniter\View\View->render('music_player', [], true)
 5 APPPATH\Controllers\MusicController.php(19): view('music_player', [...])
 6 SYSTEMPATH\CodeIgniter.php(919): App\Controllers\MusicController->index()
 7 SYSTEMPATH\CodeIgniter.php(494): CodeIgniter\CodeIgniter->runController(Object(App\Controllers\MusicController))
 8 SYSTEMPATH\CodeIgniter.php(353): CodeIgniter\CodeIgniter->handleRequest(null, Object(Config\Cache), false)
 9 FCPATH\index.php(79): CodeIgniter\CodeIgniter->run()
10 SYSTEMPATH\Commands\Server\rewrite.php(47): require_once('C:\\laragon\\www\\mymusic\\public\\index.php')
CRITICAL - 2023-09-25 08:39:14 --> Undefined array key "file_name"
in APPPATH\Views\music_player.php on line 161.
 1 APPPATH\Views\music_player.php(161): CodeIgniter\Debug\Exceptions->errorHandler(2, 'Undefined array key "file_name"', 'C:\\laragon\\www\\mymusic\\app\\Views\\music_player.php', 161)
 2 SYSTEMPATH\View\View.php(226): include('C:\\laragon\\www\\mymusic\\app\\Views\\music_player.php')
 3 SYSTEMPATH\View\View.php(229): CodeIgniter\View\View->CodeIgniter\View\{closure}()
 4 SYSTEMPATH\Common.php(1188): CodeIgniter\View\View->render('music_player', [], true)
 5 APPPATH\Controllers\MusicController.php(19): view('music_player', [...])
 6 SYSTEMPATH\CodeIgniter.php(919): App\Controllers\MusicController->index()
 7 SYSTEMPATH\CodeIgniter.php(494): CodeIgniter\CodeIgniter->runController(Object(App\Controllers\MusicController))
 8 SYSTEMPATH\CodeIgniter.php(353): CodeIgniter\CodeIgniter->handleRequest(null, Object(Config\Cache), false)
 9 FCPATH\index.php(79): CodeIgniter\CodeIgniter->run()
10 SYSTEMPATH\Commands\Server\rewrite.php(47): require_once('C:\\laragon\\www\\mymusic\\public\\index.php')
CRITICAL - 2023-09-25 08:41:35 --> Undefined array key "file_name"
in APPPATH\Views\music_player.php on line 161.
 1 APPPATH\Views\music_player.php(161): CodeIgniter\Debug\Exceptions->errorHandler(2, 'Undefined array key "file_name"', 'C:\\laragon\\www\\mymusic\\app\\Views\\music_player.php', 161)
 2 SYSTEMPATH\View\View.php(226): include('C:\\laragon\\www\\mymusic\\app\\Views\\music_player.php')
 3 SYSTEMPATH\View\View.php(229): CodeIgniter\View\View->CodeIgniter\View\{closure}()
 4 SYSTEMPATH\Common.php(1188): CodeIgniter\View\View->render('music_player', [], true)
 5 APPPATH\Controllers\MusicController.php(19): view('music_player', [...])
 6 SYSTEMPATH\CodeIgniter.php(919): App\Controllers\MusicController->index()
 7 SYSTEMPATH\CodeIgniter.php(494): CodeIgniter\CodeIgniter->runController(Object(App\Controllers\MusicController))
 8 SYSTEMPATH\CodeIgniter.php(353): CodeIgniter\CodeIgniter->handleRequest(null, Object(Config\Cache), false)
 9 FCPATH\index.php(79): CodeIgniter\CodeIgniter->run()
10 SYSTEMPATH\Commands\Server\rewrite.php(47): require_once('C:\\laragon\\www\\mymusic\\public\\index.php')
CRITICAL - 2023-09-25 08:41:36 --> Undefined array key "file_name"
in APPPATH\Views\music_player.php on line 161.
 1 APPPATH\Views\music_player.php(161): CodeIgniter\Debug\Exceptions->errorHandler(2, 'Undefined array key "file_name"', 'C:\\laragon\\www\\mymusic\\app\\Views\\music_player.php', 161)
 2 SYSTEMPATH\View\View.php(226): include('C:\\laragon\\www\\mymusic\\app\\Views\\music_player.php')
 3 SYSTEMPATH\View\View.php(229): CodeIgniter\View\View->CodeIgniter\View\{closure}()
 4 SYSTEMPATH\Common.php(1188): CodeIgniter\View\View->render('music_player', [], true)
 5 APPPATH\Controllers\MusicController.php(19): view('music_player', [...])
 6 SYSTEMPATH\CodeIgniter.php(919): App\Controllers\MusicController->index()
 7 SYSTEMPATH\CodeIgniter.php(494): CodeIgniter\CodeIgniter->runController(Object(App\Controllers\MusicController))
 8 SYSTEMPATH\CodeIgniter.php(353): CodeIgniter\CodeIgniter->handleRequest(null, Object(Config\Cache), false)
 9 FCPATH\index.php(79): CodeIgniter\CodeIgniter->run()
10 SYSTEMPATH\Commands\Server\rewrite.php(47): require_once('C:\\laragon\\www\\mymusic\\public\\index.php')
CRITICAL - 2023-09-25 08:41:37 --> Undefined array key "file_name"
in APPPATH\Views\music_player.php on line 161.
 1 APPPATH\Views\music_player.php(161): CodeIgniter\Debug\Exceptions->errorHandler(2, 'Undefined array key "file_name"', 'C:\\laragon\\www\\mymusic\\app\\Views\\music_player.php', 161)
 2 SYSTEMPATH\View\View.php(226): include('C:\\laragon\\www\\mymusic\\app\\Views\\music_player.php')
 3 SYSTEMPATH\View\View.php(229): CodeIgniter\View\View->CodeIgniter\View\{closure}()
 4 SYSTEMPATH\Common.php(1188): CodeIgniter\View\View->render('music_player', [], true)
 5 APPPATH\Controllers\MusicController.php(19): view('music_player', [...])
 6 SYSTEMPATH\CodeIgniter.php(919): App\Controllers\MusicController->index()
 7 SYSTEMPATH\CodeIgniter.php(494): CodeIgniter\CodeIgniter->runController(Object(App\Controllers\MusicController))
 8 SYSTEMPATH\CodeIgniter.php(353): CodeIgniter\CodeIgniter->handleRequest(null, Object(Config\Cache), false)
 9 FCPATH\index.php(79): CodeIgniter\CodeIgniter->run()
10 SYSTEMPATH\Commands\Server\rewrite.php(47): require_once('C:\\laragon\\www\\mymusic\\public\\index.php')
CRITICAL - 2023-09-25 08:41:37 --> Undefined array key "file_name"
in APPPATH\Views\music_player.php on line 161.
 1 APPPATH\Views\music_player.php(161): CodeIgniter\Debug\Exceptions->errorHandler(2, 'Undefined array key "file_name"', 'C:\\laragon\\www\\mymusic\\app\\Views\\music_player.php', 161)
 2 SYSTEMPATH\View\View.php(226): include('C:\\laragon\\www\\mymusic\\app\\Views\\music_player.php')
 3 SYSTEMPATH\View\View.php(229): CodeIgniter\View\View->CodeIgniter\View\{closure}()
 4 SYSTEMPATH\Common.php(1188): CodeIgniter\View\View->render('music_player', [], true)
 5 APPPATH\Controllers\MusicController.php(19): view('music_player', [...])
 6 SYSTEMPATH\CodeIgniter.php(919): App\Controllers\MusicController->index()
 7 SYSTEMPATH\CodeIgniter.php(494): CodeIgniter\CodeIgniter->runController(Object(App\Controllers\MusicController))
 8 SYSTEMPATH\CodeIgniter.php(353): CodeIgniter\CodeIgniter->handleRequest(null, Object(Config\Cache), false)
 9 FCPATH\index.php(79): CodeIgniter\CodeIgniter->run()
10 SYSTEMPATH\Commands\Server\rewrite.php(47): require_once('C:\\laragon\\www\\mymusic\\public\\index.php')
CRITICAL - 2023-09-25 08:41:37 --> Undefined array key "file_name"
in APPPATH\Views\music_player.php on line 161.
 1 APPPATH\Views\music_player.php(161): CodeIgniter\Debug\Exceptions->errorHandler(2, 'Undefined array key "file_name"', 'C:\\laragon\\www\\mymusic\\app\\Views\\music_player.php', 161)
 2 SYSTEMPATH\View\View.php(226): include('C:\\laragon\\www\\mymusic\\app\\Views\\music_player.php')
 3 SYSTEMPATH\View\View.php(229): CodeIgniter\View\View->CodeIgniter\View\{closure}()
 4 SYSTEMPATH\Common.php(1188): CodeIgniter\View\View->render('music_player', [], true)
 5 APPPATH\Controllers\MusicController.php(19): view('music_player', [...])
 6 SYSTEMPATH\CodeIgniter.php(919): App\Controllers\MusicController->index()
 7 SYSTEMPATH\CodeIgniter.php(494): CodeIgniter\CodeIgniter->runController(Object(App\Controllers\MusicController))
 8 SYSTEMPATH\CodeIgniter.php(353): CodeIgniter\CodeIgniter->handleRequest(null, Object(Config\Cache), false)
 9 FCPATH\index.php(79): CodeIgniter\CodeIgniter->run()
10 SYSTEMPATH\Commands\Server\rewrite.php(47): require_once('C:\\laragon\\www\\mymusic\\public\\index.php')
CRITICAL - 2023-09-25 08:41:38 --> Undefined array key "file_name"
in APPPATH\Views\music_player.php on line 161.
 1 APPPATH\Views\music_player.php(161): CodeIgniter\Debug\Exceptions->errorHandler(2, 'Undefined array key "file_name"', 'C:\\laragon\\www\\mymusic\\app\\Views\\music_player.php', 161)
 2 SYSTEMPATH\View\View.php(226): include('C:\\laragon\\www\\mymusic\\app\\Views\\music_player.php')
 3 SYSTEMPATH\View\View.php(229): CodeIgniter\View\View->CodeIgniter\View\{closure}()
 4 SYSTEMPATH\Common.php(1188): CodeIgniter\View\View->render('music_player', [], true)
 5 APPPATH\Controllers\MusicController.php(19): view('music_player', [...])
 6 SYSTEMPATH\CodeIgniter.php(919): App\Controllers\MusicController->index()
 7 SYSTEMPATH\CodeIgniter.php(494): CodeIgniter\CodeIgniter->runController(Object(App\Controllers\MusicController))
 8 SYSTEMPATH\CodeIgniter.php(353): CodeIgniter\CodeIgniter->handleRequest(null, Object(Config\Cache), false)
 9 FCPATH\index.php(79): CodeIgniter\CodeIgniter->run()
10 SYSTEMPATH\Commands\Server\rewrite.php(47): require_once('C:\\laragon\\www\\mymusic\\public\\index.php')
CRITICAL - 2023-09-25 08:41:38 --> Undefined array key "file_name"
in APPPATH\Views\music_player.php on line 161.
 1 APPPATH\Views\music_player.php(161): CodeIgniter\Debug\Exceptions->errorHandler(2, 'Undefined array key "file_name"', 'C:\\laragon\\www\\mymusic\\app\\Views\\music_player.php', 161)
 2 SYSTEMPATH\View\View.php(226): include('C:\\laragon\\www\\mymusic\\app\\Views\\music_player.php')
 3 SYSTEMPATH\View\View.php(229): CodeIgniter\View\View->CodeIgniter\View\{closure}()
 4 SYSTEMPATH\Common.php(1188): CodeIgniter\View\View->render('music_player', [], true)
 5 APPPATH\Controllers\MusicController.php(19): view('music_player', [...])
 6 SYSTEMPATH\CodeIgniter.php(919): App\Controllers\MusicController->index()
 7 SYSTEMPATH\CodeIgniter.php(494): CodeIgniter\CodeIgniter->runController(Object(App\Controllers\MusicController))
 8 SYSTEMPATH\CodeIgniter.php(353): CodeIgniter\CodeIgniter->handleRequest(null, Object(Config\Cache), false)
 9 FCPATH\index.php(79): CodeIgniter\CodeIgniter->run()
10 SYSTEMPATH\Commands\Server\rewrite.php(47): require_once('C:\\laragon\\www\\mymusic\\public\\index.php')
CRITICAL - 2023-09-25 08:42:26 --> Undefined array key "file_name"
in APPPATH\Views\music_player.php on line 161.
 1 APPPATH\Views\music_player.php(161): CodeIgniter\Debug\Exceptions->errorHandler(2, 'Undefined array key "file_name"', 'C:\\laragon\\www\\mymusic\\app\\Views\\music_player.php', 161)
 2 SYSTEMPATH\View\View.php(226): include('C:\\laragon\\www\\mymusic\\app\\Views\\music_player.php')
 3 SYSTEMPATH\View\View.php(229): CodeIgniter\View\View->CodeIgniter\View\{closure}()
 4 SYSTEMPATH\Common.php(1188): CodeIgniter\View\View->render('music_player', [], true)
 5 APPPATH\Controllers\MusicController.php(19): view('music_player', [...])
 6 SYSTEMPATH\CodeIgniter.php(919): App\Controllers\MusicController->index()
 7 SYSTEMPATH\CodeIgniter.php(494): CodeIgniter\CodeIgniter->runController(Object(App\Controllers\MusicController))
 8 SYSTEMPATH\CodeIgniter.php(353): CodeIgniter\CodeIgniter->handleRequest(null, Object(Config\Cache), false)
 9 FCPATH\index.php(79): CodeIgniter\CodeIgniter->run()
10 SYSTEMPATH\Commands\Server\rewrite.php(47): require_once('C:\\laragon\\www\\mymusic\\public\\index.php')
CRITICAL - 2023-09-25 08:42:27 --> Undefined array key "file_name"
in APPPATH\Views\music_player.php on line 161.
 1 APPPATH\Views\music_player.php(161): CodeIgniter\Debug\Exceptions->errorHandler(2, 'Undefined array key "file_name"', 'C:\\laragon\\www\\mymusic\\app\\Views\\music_player.php', 161)
 2 SYSTEMPATH\View\View.php(226): include('C:\\laragon\\www\\mymusic\\app\\Views\\music_player.php')
 3 SYSTEMPATH\View\View.php(229): CodeIgniter\View\View->CodeIgniter\View\{closure}()
 4 SYSTEMPATH\Common.php(1188): CodeIgniter\View\View->render('music_player', [], true)
 5 APPPATH\Controllers\MusicController.php(19): view('music_player', [...])
 6 SYSTEMPATH\CodeIgniter.php(919): App\Controllers\MusicController->index()
 7 SYSTEMPATH\CodeIgniter.php(494): CodeIgniter\CodeIgniter->runController(Object(App\Controllers\MusicController))
 8 SYSTEMPATH\CodeIgniter.php(353): CodeIgniter\CodeIgniter->handleRequest(null, Object(Config\Cache), false)
 9 FCPATH\index.php(79): CodeIgniter\CodeIgniter->run()
10 SYSTEMPATH\Commands\Server\rewrite.php(47): require_once('C:\\laragon\\www\\mymusic\\public\\index.php')
CRITICAL - 2023-09-25 08:42:28 --> Undefined array key "file_name"
in APPPATH\Views\music_player.php on line 161.
 1 APPPATH\Views\music_player.php(161): CodeIgniter\Debug\Exceptions->errorHandler(2, 'Undefined array key "file_name"', 'C:\\laragon\\www\\mymusic\\app\\Views\\music_player.php', 161)
 2 SYSTEMPATH\View\View.php(226): include('C:\\laragon\\www\\mymusic\\app\\Views\\music_player.php')
 3 SYSTEMPATH\View\View.php(229): CodeIgniter\View\View->CodeIgniter\View\{closure}()
 4 SYSTEMPATH\Common.php(1188): CodeIgniter\View\View->render('music_player', [], true)
 5 APPPATH\Controllers\MusicController.php(19): view('music_player', [...])
 6 SYSTEMPATH\CodeIgniter.php(919): App\Controllers\MusicController->index()
 7 SYSTEMPATH\CodeIgniter.php(494): CodeIgniter\CodeIgniter->runController(Object(App\Controllers\MusicController))
 8 SYSTEMPATH\CodeIgniter.php(353): CodeIgniter\CodeIgniter->handleRequest(null, Object(Config\Cache), false)
 9 FCPATH\index.php(79): CodeIgniter\CodeIgniter->run()
10 SYSTEMPATH\Commands\Server\rewrite.php(47): require_once('C:\\laragon\\www\\mymusic\\public\\index.php')
CRITICAL - 2023-09-25 08:45:13 --> Undefined array key "file_name"
in APPPATH\Views\music_player.php on line 161.
 1 APPPATH\Views\music_player.php(161): CodeIgniter\Debug\Exceptions->errorHandler(2, 'Undefined array key "file_name"', 'C:\\laragon\\www\\mymusic\\app\\Views\\music_player.php', 161)
 2 SYSTEMPATH\View\View.php(226): include('C:\\laragon\\www\\mymusic\\app\\Views\\music_player.php')
 3 SYSTEMPATH\View\View.php(229): CodeIgniter\View\View->CodeIgniter\View\{closure}()
 4 SYSTEMPATH\Common.php(1188): CodeIgniter\View\View->render('music_player', [], true)
 5 APPPATH\Controllers\MusicController.php(19): view('music_player', [...])
 6 SYSTEMPATH\CodeIgniter.php(919): App\Controllers\MusicController->index()
 7 SYSTEMPATH\CodeIgniter.php(494): CodeIgniter\CodeIgniter->runController(Object(App\Controllers\MusicController))
 8 SYSTEMPATH\CodeIgniter.php(353): CodeIgniter\CodeIgniter->handleRequest(null, Object(Config\Cache), false)
 9 FCPATH\index.php(79): CodeIgniter\CodeIgniter->run()
10 SYSTEMPATH\Commands\Server\rewrite.php(47): require_once('C:\\laragon\\www\\mymusic\\public\\index.php')
CRITICAL - 2023-09-25 08:45:13 --> Undefined array key "file_name"
in APPPATH\Views\music_player.php on line 161.
 1 APPPATH\Views\music_player.php(161): CodeIgniter\Debug\Exceptions->errorHandler(2, 'Undefined array key "file_name"', 'C:\\laragon\\www\\mymusic\\app\\Views\\music_player.php', 161)
 2 SYSTEMPATH\View\View.php(226): include('C:\\laragon\\www\\mymusic\\app\\Views\\music_player.php')
 3 SYSTEMPATH\View\View.php(229): CodeIgniter\View\View->CodeIgniter\View\{closure}()
 4 SYSTEMPATH\Common.php(1188): CodeIgniter\View\View->render('music_player', [], true)
 5 APPPATH\Controllers\MusicController.php(19): view('music_player', [...])
 6 SYSTEMPATH\CodeIgniter.php(919): App\Controllers\MusicController->index()
 7 SYSTEMPATH\CodeIgniter.php(494): CodeIgniter\CodeIgniter->runController(Object(App\Controllers\MusicController))
 8 SYSTEMPATH\CodeIgniter.php(353): CodeIgniter\CodeIgniter->handleRequest(null, Object(Config\Cache), false)
 9 FCPATH\index.php(79): CodeIgniter\CodeIgniter->run()
10 SYSTEMPATH\Commands\Server\rewrite.php(47): require_once('C:\\laragon\\www\\mymusic\\public\\index.php')
CRITICAL - 2023-09-25 08:45:13 --> Undefined array key "file_name"
in APPPATH\Views\music_player.php on line 161.
 1 APPPATH\Views\music_player.php(161): CodeIgniter\Debug\Exceptions->errorHandler(2, 'Undefined array key "file_name"', 'C:\\laragon\\www\\mymusic\\app\\Views\\music_player.php', 161)
 2 SYSTEMPATH\View\View.php(226): include('C:\\laragon\\www\\mymusic\\app\\Views\\music_player.php')
 3 SYSTEMPATH\View\View.php(229): CodeIgniter\View\View->CodeIgniter\View\{closure}()
 4 SYSTEMPATH\Common.php(1188): CodeIgniter\View\View->render('music_player', [], true)
 5 APPPATH\Controllers\MusicController.php(19): view('music_player', [...])
 6 SYSTEMPATH\CodeIgniter.php(919): App\Controllers\MusicController->index()
 7 SYSTEMPATH\CodeIgniter.php(494): CodeIgniter\CodeIgniter->runController(Object(App\Controllers\MusicController))
 8 SYSTEMPATH\CodeIgniter.php(353): CodeIgniter\CodeIgniter->handleRequest(null, Object(Config\Cache), false)
 9 FCPATH\index.php(79): CodeIgniter\CodeIgniter->run()
10 SYSTEMPATH\Commands\Server\rewrite.php(47): require_once('C:\\laragon\\www\\mymusic\\public\\index.php')
CRITICAL - 2023-09-25 08:45:14 --> Undefined array key "file_name"
in APPPATH\Views\music_player.php on line 161.
 1 APPPATH\Views\music_player.php(161): CodeIgniter\Debug\Exceptions->errorHandler(2, 'Undefined array key "file_name"', 'C:\\laragon\\www\\mymusic\\app\\Views\\music_player.php', 161)
 2 SYSTEMPATH\View\View.php(226): include('C:\\laragon\\www\\mymusic\\app\\Views\\music_player.php')
 3 SYSTEMPATH\View\View.php(229): CodeIgniter\View\View->CodeIgniter\View\{closure}()
 4 SYSTEMPATH\Common.php(1188): CodeIgniter\View\View->render('music_player', [], true)
 5 APPPATH\Controllers\MusicController.php(19): view('music_player', [...])
 6 SYSTEMPATH\CodeIgniter.php(919): App\Controllers\MusicController->index()
 7 SYSTEMPATH\CodeIgniter.php(494): CodeIgniter\CodeIgniter->runController(Object(App\Controllers\MusicController))
 8 SYSTEMPATH\CodeIgniter.php(353): CodeIgniter\CodeIgniter->handleRequest(null, Object(Config\Cache), false)
 9 FCPATH\index.php(79): CodeIgniter\CodeIgniter->run()
10 SYSTEMPATH\Commands\Server\rewrite.php(47): require_once('C:\\laragon\\www\\mymusic\\public\\index.php')
CRITICAL - 2023-09-25 08:45:14 --> Undefined array key "file_name"
in APPPATH\Views\music_player.php on line 161.
 1 APPPATH\Views\music_player.php(161): CodeIgniter\Debug\Exceptions->errorHandler(2, 'Undefined array key "file_name"', 'C:\\laragon\\www\\mymusic\\app\\Views\\music_player.php', 161)
 2 SYSTEMPATH\View\View.php(226): include('C:\\laragon\\www\\mymusic\\app\\Views\\music_player.php')
 3 SYSTEMPATH\View\View.php(229): CodeIgniter\View\View->CodeIgniter\View\{closure}()
 4 SYSTEMPATH\Common.php(1188): CodeIgniter\View\View->render('music_player', [], true)
 5 APPPATH\Controllers\MusicController.php(19): view('music_player', [...])
 6 SYSTEMPATH\CodeIgniter.php(919): App\Controllers\MusicController->index()
 7 SYSTEMPATH\CodeIgniter.php(494): CodeIgniter\CodeIgniter->runController(Object(App\Controllers\MusicController))
 8 SYSTEMPATH\CodeIgniter.php(353): CodeIgniter\CodeIgniter->handleRequest(null, Object(Config\Cache), false)
 9 FCPATH\index.php(79): CodeIgniter\CodeIgniter->run()
10 SYSTEMPATH\Commands\Server\rewrite.php(47): require_once('C:\\laragon\\www\\mymusic\\public\\index.php')
CRITICAL - 2023-09-25 08:45:14 --> Undefined array key "file_name"
in APPPATH\Views\music_player.php on line 161.
 1 APPPATH\Views\music_player.php(161): CodeIgniter\Debug\Exceptions->errorHandler(2, 'Undefined array key "file_name"', 'C:\\laragon\\www\\mymusic\\app\\Views\\music_player.php', 161)
 2 SYSTEMPATH\View\View.php(226): include('C:\\laragon\\www\\mymusic\\app\\Views\\music_player.php')
 3 SYSTEMPATH\View\View.php(229): CodeIgniter\View\View->CodeIgniter\View\{closure}()
 4 SYSTEMPATH\Common.php(1188): CodeIgniter\View\View->render('music_player', [], true)
 5 APPPATH\Controllers\MusicController.php(19): view('music_player', [...])
 6 SYSTEMPATH\CodeIgniter.php(919): App\Controllers\MusicController->index()
 7 SYSTEMPATH\CodeIgniter.php(494): CodeIgniter\CodeIgniter->runController(Object(App\Controllers\MusicController))
 8 SYSTEMPATH\CodeIgniter.php(353): CodeIgniter\CodeIgniter->handleRequest(null, Object(Config\Cache), false)
 9 FCPATH\index.php(79): CodeIgniter\CodeIgniter->run()
10 SYSTEMPATH\Commands\Server\rewrite.php(47): require_once('C:\\laragon\\www\\mymusic\\public\\index.php')
CRITICAL - 2023-09-25 08:46:10 --> Undefined array key "file_name"
in APPPATH\Views\music_player.php on line 161.
 1 APPPATH\Views\music_player.php(161): CodeIgniter\Debug\Exceptions->errorHandler(2, 'Undefined array key "file_name"', 'C:\\laragon\\www\\mymusic\\app\\Views\\music_player.php', 161)
 2 SYSTEMPATH\View\View.php(226): include('C:\\laragon\\www\\mymusic\\app\\Views\\music_player.php')
 3 SYSTEMPATH\View\View.php(229): CodeIgniter\View\View->CodeIgniter\View\{closure}()
 4 SYSTEMPATH\Common.php(1188): CodeIgniter\View\View->render('music_player', [], true)
 5 APPPATH\Controllers\MusicController.php(19): view('music_player', [...])
 6 SYSTEMPATH\CodeIgniter.php(919): App\Controllers\MusicController->index()
 7 SYSTEMPATH\CodeIgniter.php(494): CodeIgniter\CodeIgniter->runController(Object(App\Controllers\MusicController))
 8 SYSTEMPATH\CodeIgniter.php(353): CodeIgniter\CodeIgniter->handleRequest(null, Object(Config\Cache), false)
 9 FCPATH\index.php(79): CodeIgniter\CodeIgniter->run()
10 SYSTEMPATH\Commands\Server\rewrite.php(47): require_once('C:\\laragon\\www\\mymusic\\public\\index.php')
CRITICAL - 2023-09-25 08:46:11 --> Undefined array key "file_name"
in APPPATH\Views\music_player.php on line 161.
 1 APPPATH\Views\music_player.php(161): CodeIgniter\Debug\Exceptions->errorHandler(2, 'Undefined array key "file_name"', 'C:\\laragon\\www\\mymusic\\app\\Views\\music_player.php', 161)
 2 SYSTEMPATH\View\View.php(226): include('C:\\laragon\\www\\mymusic\\app\\Views\\music_player.php')
 3 SYSTEMPATH\View\View.php(229): CodeIgniter\View\View->CodeIgniter\View\{closure}()
 4 SYSTEMPATH\Common.php(1188): CodeIgniter\View\View->render('music_player', [], true)
 5 APPPATH\Controllers\MusicController.php(19): view('music_player', [...])
 6 SYSTEMPATH\CodeIgniter.php(919): App\Controllers\MusicController->index()
 7 SYSTEMPATH\CodeIgniter.php(494): CodeIgniter\CodeIgniter->runController(Object(App\Controllers\MusicController))
 8 SYSTEMPATH\CodeIgniter.php(353): CodeIgniter\CodeIgniter->handleRequest(null, Object(Config\Cache), false)
 9 FCPATH\index.php(79): CodeIgniter\CodeIgniter->run()
10 SYSTEMPATH\Commands\Server\rewrite.php(47): require_once('C:\\laragon\\www\\mymusic\\public\\index.php')
CRITICAL - 2023-09-25 08:46:51 --> Undefined array key "file_name"
in APPPATH\Views\music_player.php on line 161.
 1 APPPATH\Views\music_player.php(161): CodeIgniter\Debug\Exceptions->errorHandler(2, 'Undefined array key "file_name"', 'C:\\laragon\\www\\mymusic\\app\\Views\\music_player.php', 161)
 2 SYSTEMPATH\View\View.php(226): include('C:\\laragon\\www\\mymusic\\app\\Views\\music_player.php')
 3 SYSTEMPATH\View\View.php(229): CodeIgniter\View\View->CodeIgniter\View\{closure}()
 4 SYSTEMPATH\Common.php(1188): CodeIgniter\View\View->render('music_player', [], true)
 5 APPPATH\Controllers\MusicController.php(19): view('music_player', [...])
 6 SYSTEMPATH\CodeIgniter.php(919): App\Controllers\MusicController->index()
 7 SYSTEMPATH\CodeIgniter.php(494): CodeIgniter\CodeIgniter->runController(Object(App\Controllers\MusicController))
 8 SYSTEMPATH\CodeIgniter.php(353): CodeIgniter\CodeIgniter->handleRequest(null, Object(Config\Cache), false)
 9 FCPATH\index.php(79): CodeIgniter\CodeIgniter->run()
10 SYSTEMPATH\Commands\Server\rewrite.php(47): require_once('C:\\laragon\\www\\mymusic\\public\\index.php')
CRITICAL - 2023-09-25 08:49:09 --> Undefined array key "file_name"
in APPPATH\Views\music_player.php on line 161.
 1 APPPATH\Views\music_player.php(161): CodeIgniter\Debug\Exceptions->errorHandler(2, 'Undefined array key "file_name"', 'C:\\laragon\\www\\mymusic\\app\\Views\\music_player.php', 161)
 2 SYSTEMPATH\View\View.php(226): include('C:\\laragon\\www\\mymusic\\app\\Views\\music_player.php')
 3 SYSTEMPATH\View\View.php(229): CodeIgniter\View\View->CodeIgniter\View\{closure}()
 4 SYSTEMPATH\Common.php(1188): CodeIgniter\View\View->render('music_player', [], true)
 5 APPPATH\Controllers\MusicController.php(19): view('music_player', [...])
 6 SYSTEMPATH\CodeIgniter.php(919): App\Controllers\MusicController->index()
 7 SYSTEMPATH\CodeIgniter.php(494): CodeIgniter\CodeIgniter->runController(Object(App\Controllers\MusicController))
 8 SYSTEMPATH\CodeIgniter.php(353): CodeIgniter\CodeIgniter->handleRequest(null, Object(Config\Cache), false)
 9 FCPATH\index.php(79): CodeIgniter\CodeIgniter->run()
10 SYSTEMPATH\Commands\Server\rewrite.php(47): require_once('C:\\laragon\\www\\mymusic\\public\\index.php')
CRITICAL - 2023-09-25 08:50:25 --> Undefined array key "file_name"
in APPPATH\Views\music_player.php on line 161.
 1 APPPATH\Views\music_player.php(161): CodeIgniter\Debug\Exceptions->errorHandler(2, 'Undefined array key "file_name"', 'C:\\laragon\\www\\mymusic\\app\\Views\\music_player.php', 161)
 2 SYSTEMPATH\View\View.php(226): include('C:\\laragon\\www\\mymusic\\app\\Views\\music_player.php')
 3 SYSTEMPATH\View\View.php(229): CodeIgniter\View\View->CodeIgniter\View\{closure}()
 4 SYSTEMPATH\Common.php(1188): CodeIgniter\View\View->render('music_player', [], true)
 5 APPPATH\Controllers\MusicController.php(19): view('music_player', [...])
 6 SYSTEMPATH\CodeIgniter.php(919): App\Controllers\MusicController->index()
 7 SYSTEMPATH\CodeIgniter.php(494): CodeIgniter\CodeIgniter->runController(Object(App\Controllers\MusicController))
 8 SYSTEMPATH\CodeIgniter.php(353): CodeIgniter\CodeIgniter->handleRequest(null, Object(Config\Cache), false)
 9 FCPATH\index.php(79): CodeIgniter\CodeIgniter->run()
10 SYSTEMPATH\Commands\Server\rewrite.php(47): require_once('C:\\laragon\\www\\mymusic\\public\\index.php')
CRITICAL - 2023-09-25 08:50:27 --> Undefined array key "file_name"
in APPPATH\Views\music_player.php on line 161.
 1 APPPATH\Views\music_player.php(161): CodeIgniter\Debug\Exceptions->errorHandler(2, 'Undefined array key "file_name"', 'C:\\laragon\\www\\mymusic\\app\\Views\\music_player.php', 161)
 2 SYSTEMPATH\View\View.php(226): include('C:\\laragon\\www\\mymusic\\app\\Views\\music_player.php')
 3 SYSTEMPATH\View\View.php(229): CodeIgniter\View\View->CodeIgniter\View\{closure}()
 4 SYSTEMPATH\Common.php(1188): CodeIgniter\View\View->render('music_player', [], true)
 5 APPPATH\Controllers\MusicController.php(19): view('music_player', [...])
 6 SYSTEMPATH\CodeIgniter.php(919): App\Controllers\MusicController->index()
 7 SYSTEMPATH\CodeIgniter.php(494): CodeIgniter\CodeIgniter->runController(Object(App\Controllers\MusicController))
 8 SYSTEMPATH\CodeIgniter.php(353): CodeIgniter\CodeIgniter->handleRequest(null, Object(Config\Cache), false)
 9 FCPATH\index.php(79): CodeIgniter\CodeIgniter->run()
10 SYSTEMPATH\Commands\Server\rewrite.php(47): require_once('C:\\laragon\\www\\mymusic\\public\\index.php')
CRITICAL - 2023-09-25 08:50:59 --> Undefined array key "file_name"
in APPPATH\Views\music_player.php on line 161.
 1 APPPATH\Views\music_player.php(161): CodeIgniter\Debug\Exceptions->errorHandler(2, 'Undefined array key "file_name"', 'C:\\laragon\\www\\mymusic\\app\\Views\\music_player.php', 161)
 2 SYSTEMPATH\View\View.php(226): include('C:\\laragon\\www\\mymusic\\app\\Views\\music_player.php')
 3 SYSTEMPATH\View\View.php(229): CodeIgniter\View\View->CodeIgniter\View\{closure}()
 4 SYSTEMPATH\Common.php(1188): CodeIgniter\View\View->render('music_player', [], true)
 5 APPPATH\Controllers\MusicController.php(19): view('music_player', [...])
 6 SYSTEMPATH\CodeIgniter.php(919): App\Controllers\MusicController->index()
 7 SYSTEMPATH\CodeIgniter.php(494): CodeIgniter\CodeIgniter->runController(Object(App\Controllers\MusicController))
 8 SYSTEMPATH\CodeIgniter.php(353): CodeIgniter\CodeIgniter->handleRequest(null, Object(Config\Cache), false)
 9 FCPATH\index.php(79): CodeIgniter\CodeIgniter->run()
10 SYSTEMPATH\Commands\Server\rewrite.php(47): require_once('C:\\laragon\\www\\mymusic\\public\\index.php')
CRITICAL - 2023-09-25 08:51:00 --> Undefined array key "file_name"
in APPPATH\Views\music_player.php on line 161.
 1 APPPATH\Views\music_player.php(161): CodeIgniter\Debug\Exceptions->errorHandler(2, 'Undefined array key "file_name"', 'C:\\laragon\\www\\mymusic\\app\\Views\\music_player.php', 161)
 2 SYSTEMPATH\View\View.php(226): include('C:\\laragon\\www\\mymusic\\app\\Views\\music_player.php')
 3 SYSTEMPATH\View\View.php(229): CodeIgniter\View\View->CodeIgniter\View\{closure}()
 4 SYSTEMPATH\Common.php(1188): CodeIgniter\View\View->render('music_player', [], true)
 5 APPPATH\Controllers\MusicController.php(19): view('music_player', [...])
 6 SYSTEMPATH\CodeIgniter.php(919): App\Controllers\MusicController->index()
 7 SYSTEMPATH\CodeIgniter.php(494): CodeIgniter\CodeIgniter->runController(Object(App\Controllers\MusicController))
 8 SYSTEMPATH\CodeIgniter.php(353): CodeIgniter\CodeIgniter->handleRequest(null, Object(Config\Cache), false)
 9 FCPATH\index.php(79): CodeIgniter\CodeIgniter->run()
10 SYSTEMPATH\Commands\Server\rewrite.php(47): require_once('C:\\laragon\\www\\mymusic\\public\\index.php')
CRITICAL - 2023-09-25 08:52:09 --> Undefined array key "file_name"
in APPPATH\Views\music_player.php on line 161.
 1 APPPATH\Views\music_player.php(161): CodeIgniter\Debug\Exceptions->errorHandler(2, 'Undefined array key "file_name"', 'C:\\laragon\\www\\mymusic\\app\\Views\\music_player.php', 161)
 2 SYSTEMPATH\View\View.php(226): include('C:\\laragon\\www\\mymusic\\app\\Views\\music_player.php')
 3 SYSTEMPATH\View\View.php(229): CodeIgniter\View\View->CodeIgniter\View\{closure}()
 4 SYSTEMPATH\Common.php(1188): CodeIgniter\View\View->render('music_player', [], true)
 5 APPPATH\Controllers\MusicController.php(19): view('music_player', [...])
 6 SYSTEMPATH\CodeIgniter.php(919): App\Controllers\MusicController->index()
 7 SYSTEMPATH\CodeIgniter.php(494): CodeIgniter\CodeIgniter->runController(Object(App\Controllers\MusicController))
 8 SYSTEMPATH\CodeIgniter.php(353): CodeIgniter\CodeIgniter->handleRequest(null, Object(Config\Cache), false)
 9 FCPATH\index.php(79): CodeIgniter\CodeIgniter->run()
10 SYSTEMPATH\Commands\Server\rewrite.php(47): require_once('C:\\laragon\\www\\mymusic\\public\\index.php')
CRITICAL - 2023-09-25 08:52:09 --> Undefined array key "file_name"
in APPPATH\Views\music_player.php on line 161.
 1 APPPATH\Views\music_player.php(161): CodeIgniter\Debug\Exceptions->errorHandler(2, 'Undefined array key "file_name"', 'C:\\laragon\\www\\mymusic\\app\\Views\\music_player.php', 161)
 2 SYSTEMPATH\View\View.php(226): include('C:\\laragon\\www\\mymusic\\app\\Views\\music_player.php')
 3 SYSTEMPATH\View\View.php(229): CodeIgniter\View\View->CodeIgniter\View\{closure}()
 4 SYSTEMPATH\Common.php(1188): CodeIgniter\View\View->render('music_player', [], true)
 5 APPPATH\Controllers\MusicController.php(19): view('music_player', [...])
 6 SYSTEMPATH\CodeIgniter.php(919): App\Controllers\MusicController->index()
 7 SYSTEMPATH\CodeIgniter.php(494): CodeIgniter\CodeIgniter->runController(Object(App\Controllers\MusicController))
 8 SYSTEMPATH\CodeIgniter.php(353): CodeIgniter\CodeIgniter->handleRequest(null, Object(Config\Cache), false)
 9 FCPATH\index.php(79): CodeIgniter\CodeIgniter->run()
10 SYSTEMPATH\Commands\Server\rewrite.php(47): require_once('C:\\laragon\\www\\mymusic\\public\\index.php')
CRITICAL - 2023-09-25 08:52:10 --> Undefined array key "file_name"
in APPPATH\Views\music_player.php on line 161.
 1 APPPATH\Views\music_player.php(161): CodeIgniter\Debug\Exceptions->errorHandler(2, 'Undefined array key "file_name"', 'C:\\laragon\\www\\mymusic\\app\\Views\\music_player.php', 161)
 2 SYSTEMPATH\View\View.php(226): include('C:\\laragon\\www\\mymusic\\app\\Views\\music_player.php')
 3 SYSTEMPATH\View\View.php(229): CodeIgniter\View\View->CodeIgniter\View\{closure}()
 4 SYSTEMPATH\Common.php(1188): CodeIgniter\View\View->render('music_player', [], true)
 5 APPPATH\Controllers\MusicController.php(19): view('music_player', [...])
 6 SYSTEMPATH\CodeIgniter.php(919): App\Controllers\MusicController->index()
 7 SYSTEMPATH\CodeIgniter.php(494): CodeIgniter\CodeIgniter->runController(Object(App\Controllers\MusicController))
 8 SYSTEMPATH\CodeIgniter.php(353): CodeIgniter\CodeIgniter->handleRequest(null, Object(Config\Cache), false)
 9 FCPATH\index.php(79): CodeIgniter\CodeIgniter->run()
10 SYSTEMPATH\Commands\Server\rewrite.php(47): require_once('C:\\laragon\\www\\mymusic\\public\\index.php')
CRITICAL - 2023-09-25 08:52:10 --> Undefined array key "file_name"
in APPPATH\Views\music_player.php on line 161.
 1 APPPATH\Views\music_player.php(161): CodeIgniter\Debug\Exceptions->errorHandler(2, 'Undefined array key "file_name"', 'C:\\laragon\\www\\mymusic\\app\\Views\\music_player.php', 161)
 2 SYSTEMPATH\View\View.php(226): include('C:\\laragon\\www\\mymusic\\app\\Views\\music_player.php')
 3 SYSTEMPATH\View\View.php(229): CodeIgniter\View\View->CodeIgniter\View\{closure}()
 4 SYSTEMPATH\Common.php(1188): CodeIgniter\View\View->render('music_player', [], true)
 5 APPPATH\Controllers\MusicController.php(19): view('music_player', [...])
 6 SYSTEMPATH\CodeIgniter.php(919): App\Controllers\MusicController->index()
 7 SYSTEMPATH\CodeIgniter.php(494): CodeIgniter\CodeIgniter->runController(Object(App\Controllers\MusicController))
 8 SYSTEMPATH\CodeIgniter.php(353): CodeIgniter\CodeIgniter->handleRequest(null, Object(Config\Cache), false)
 9 FCPATH\index.php(79): CodeIgniter\CodeIgniter->run()
10 SYSTEMPATH\Commands\Server\rewrite.php(47): require_once('C:\\laragon\\www\\mymusic\\public\\index.php')
CRITICAL - 2023-09-25 08:52:10 --> Undefined array key "file_name"
in APPPATH\Views\music_player.php on line 161.
 1 APPPATH\Views\music_player.php(161): CodeIgniter\Debug\Exceptions->errorHandler(2, 'Undefined array key "file_name"', 'C:\\laragon\\www\\mymusic\\app\\Views\\music_player.php', 161)
 2 SYSTEMPATH\View\View.php(226): include('C:\\laragon\\www\\mymusic\\app\\Views\\music_player.php')
 3 SYSTEMPATH\View\View.php(229): CodeIgniter\View\View->CodeIgniter\View\{closure}()
 4 SYSTEMPATH\Common.php(1188): CodeIgniter\View\View->render('music_player', [], true)
 5 APPPATH\Controllers\MusicController.php(19): view('music_player', [...])
 6 SYSTEMPATH\CodeIgniter.php(919): App\Controllers\MusicController->index()
 7 SYSTEMPATH\CodeIgniter.php(494): CodeIgniter\CodeIgniter->runController(Object(App\Controllers\MusicController))
 8 SYSTEMPATH\CodeIgniter.php(353): CodeIgniter\CodeIgniter->handleRequest(null, Object(Config\Cache), false)
 9 FCPATH\index.php(79): CodeIgniter\CodeIgniter->run()
10 SYSTEMPATH\Commands\Server\rewrite.php(47): require_once('C:\\laragon\\www\\mymusic\\public\\index.php')
CRITICAL - 2023-09-25 08:52:11 --> Undefined array key "file_name"
in APPPATH\Views\music_player.php on line 161.
 1 APPPATH\Views\music_player.php(161): CodeIgniter\Debug\Exceptions->errorHandler(2, 'Undefined array key "file_name"', 'C:\\laragon\\www\\mymusic\\app\\Views\\music_player.php', 161)
 2 SYSTEMPATH\View\View.php(226): include('C:\\laragon\\www\\mymusic\\app\\Views\\music_player.php')
 3 SYSTEMPATH\View\View.php(229): CodeIgniter\View\View->CodeIgniter\View\{closure}()
 4 SYSTEMPATH\Common.php(1188): CodeIgniter\View\View->render('music_player', [], true)
 5 APPPATH\Controllers\MusicController.php(19): view('music_player', [...])
 6 SYSTEMPATH\CodeIgniter.php(919): App\Controllers\MusicController->index()
 7 SYSTEMPATH\CodeIgniter.php(494): CodeIgniter\CodeIgniter->runController(Object(App\Controllers\MusicController))
 8 SYSTEMPATH\CodeIgniter.php(353): CodeIgniter\CodeIgniter->handleRequest(null, Object(Config\Cache), false)
 9 FCPATH\index.php(79): CodeIgniter\CodeIgniter->run()
10 SYSTEMPATH\Commands\Server\rewrite.php(47): require_once('C:\\laragon\\www\\mymusic\\public\\index.php')
CRITICAL - 2023-09-25 08:52:12 --> Undefined array key "file_name"
in APPPATH\Views\music_player.php on line 161.
 1 APPPATH\Views\music_player.php(161): CodeIgniter\Debug\Exceptions->errorHandler(2, 'Undefined array key "file_name"', 'C:\\laragon\\www\\mymusic\\app\\Views\\music_player.php', 161)
 2 SYSTEMPATH\View\View.php(226): include('C:\\laragon\\www\\mymusic\\app\\Views\\music_player.php')
 3 SYSTEMPATH\View\View.php(229): CodeIgniter\View\View->CodeIgniter\View\{closure}()
 4 SYSTEMPATH\Common.php(1188): CodeIgniter\View\View->render('music_player', [], true)
 5 APPPATH\Controllers\MusicController.php(19): view('music_player', [...])
 6 SYSTEMPATH\CodeIgniter.php(919): App\Controllers\MusicController->index()
 7 SYSTEMPATH\CodeIgniter.php(494): CodeIgniter\CodeIgniter->runController(Object(App\Controllers\MusicController))
 8 SYSTEMPATH\CodeIgniter.php(353): CodeIgniter\CodeIgniter->handleRequest(null, Object(Config\Cache), false)
 9 FCPATH\index.php(79): CodeIgniter\CodeIgniter->run()
10 SYSTEMPATH\Commands\Server\rewrite.php(47): require_once('C:\\laragon\\www\\mymusic\\public\\index.php')
CRITICAL - 2023-09-25 08:53:25 --> Undefined array key "file_name"
in APPPATH\Views\music_player.php on line 161.
 1 APPPATH\Views\music_player.php(161): CodeIgniter\Debug\Exceptions->errorHandler(2, 'Undefined array key "file_name"', 'C:\\laragon\\www\\mymusic\\app\\Views\\music_player.php', 161)
 2 SYSTEMPATH\View\View.php(226): include('C:\\laragon\\www\\mymusic\\app\\Views\\music_player.php')
 3 SYSTEMPATH\View\View.php(229): CodeIgniter\View\View->CodeIgniter\View\{closure}()
 4 SYSTEMPATH\Common.php(1188): CodeIgniter\View\View->render('music_player', [], true)
 5 APPPATH\Controllers\MusicController.php(19): view('music_player', [...])
 6 SYSTEMPATH\CodeIgniter.php(919): App\Controllers\MusicController->index()
 7 SYSTEMPATH\CodeIgniter.php(494): CodeIgniter\CodeIgniter->runController(Object(App\Controllers\MusicController))
 8 SYSTEMPATH\CodeIgniter.php(353): CodeIgniter\CodeIgniter->handleRequest(null, Object(Config\Cache), false)
 9 FCPATH\index.php(79): CodeIgniter\CodeIgniter->run()
10 SYSTEMPATH\Commands\Server\rewrite.php(47): require_once('C:\\laragon\\www\\mymusic\\public\\index.php')
CRITICAL - 2023-09-25 08:53:26 --> Undefined array key "file_name"
in APPPATH\Views\music_player.php on line 161.
 1 APPPATH\Views\music_player.php(161): CodeIgniter\Debug\Exceptions->errorHandler(2, 'Undefined array key "file_name"', 'C:\\laragon\\www\\mymusic\\app\\Views\\music_player.php', 161)
 2 SYSTEMPATH\View\View.php(226): include('C:\\laragon\\www\\mymusic\\app\\Views\\music_player.php')
 3 SYSTEMPATH\View\View.php(229): CodeIgniter\View\View->CodeIgniter\View\{closure}()
 4 SYSTEMPATH\Common.php(1188): CodeIgniter\View\View->render('music_player', [], true)
 5 APPPATH\Controllers\MusicController.php(19): view('music_player', [...])
 6 SYSTEMPATH\CodeIgniter.php(919): App\Controllers\MusicController->index()
 7 SYSTEMPATH\CodeIgniter.php(494): CodeIgniter\CodeIgniter->runController(Object(App\Controllers\MusicController))
 8 SYSTEMPATH\CodeIgniter.php(353): CodeIgniter\CodeIgniter->handleRequest(null, Object(Config\Cache), false)
 9 FCPATH\index.php(79): CodeIgniter\CodeIgniter->run()
10 SYSTEMPATH\Commands\Server\rewrite.php(47): require_once('C:\\laragon\\www\\mymusic\\public\\index.php')
CRITICAL - 2023-09-25 08:53:35 --> Undefined array key "file_name"
in APPPATH\Views\music_player.php on line 161.
 1 APPPATH\Views\music_player.php(161): CodeIgniter\Debug\Exceptions->errorHandler(2, 'Undefined array key "file_name"', 'C:\\laragon\\www\\mymusic\\app\\Views\\music_player.php', 161)
 2 SYSTEMPATH\View\View.php(226): include('C:\\laragon\\www\\mymusic\\app\\Views\\music_player.php')
 3 SYSTEMPATH\View\View.php(229): CodeIgniter\View\View->CodeIgniter\View\{closure}()
 4 SYSTEMPATH\Common.php(1188): CodeIgniter\View\View->render('music_player', [], true)
 5 APPPATH\Controllers\MusicController.php(19): view('music_player', [...])
 6 SYSTEMPATH\CodeIgniter.php(919): App\Controllers\MusicController->index()
 7 SYSTEMPATH\CodeIgniter.php(494): CodeIgniter\CodeIgniter->runController(Object(App\Controllers\MusicController))
 8 SYSTEMPATH\CodeIgniter.php(353): CodeIgniter\CodeIgniter->handleRequest(null, Object(Config\Cache), false)
 9 FCPATH\index.php(79): CodeIgniter\CodeIgniter->run()
10 SYSTEMPATH\Commands\Server\rewrite.php(47): require_once('C:\\laragon\\www\\mymusic\\public\\index.php')
CRITICAL - 2023-09-25 08:54:45 --> Undefined array key "file_name"
in APPPATH\Views\music_player.php on line 161.
 1 APPPATH\Views\music_player.php(161): CodeIgniter\Debug\Exceptions->errorHandler(2, 'Undefined array key "file_name"', 'C:\\laragon\\www\\mymusic\\app\\Views\\music_player.php', 161)
 2 SYSTEMPATH\View\View.php(226): include('C:\\laragon\\www\\mymusic\\app\\Views\\music_player.php')
 3 SYSTEMPATH\View\View.php(229): CodeIgniter\View\View->CodeIgniter\View\{closure}()
 4 SYSTEMPATH\Common.php(1188): CodeIgniter\View\View->render('music_player', [], true)
 5 APPPATH\Controllers\MusicController.php(19): view('music_player', [...])
 6 SYSTEMPATH\CodeIgniter.php(919): App\Controllers\MusicController->index()
 7 SYSTEMPATH\CodeIgniter.php(494): CodeIgniter\CodeIgniter->runController(Object(App\Controllers\MusicController))
 8 SYSTEMPATH\CodeIgniter.php(353): CodeIgniter\CodeIgniter->handleRequest(null, Object(Config\Cache), false)
 9 FCPATH\index.php(79): CodeIgniter\CodeIgniter->run()
10 SYSTEMPATH\Commands\Server\rewrite.php(47): require_once('C:\\laragon\\www\\mymusic\\public\\index.php')
CRITICAL - 2023-09-25 08:54:45 --> Undefined array key "file_name"
in APPPATH\Views\music_player.php on line 161.
 1 APPPATH\Views\music_player.php(161): CodeIgniter\Debug\Exceptions->errorHandler(2, 'Undefined array key "file_name"', 'C:\\laragon\\www\\mymusic\\app\\Views\\music_player.php', 161)
 2 SYSTEMPATH\View\View.php(226): include('C:\\laragon\\www\\mymusic\\app\\Views\\music_player.php')
 3 SYSTEMPATH\View\View.php(229): CodeIgniter\View\View->CodeIgniter\View\{closure}()
 4 SYSTEMPATH\Common.php(1188): CodeIgniter\View\View->render('music_player', [], true)
 5 APPPATH\Controllers\MusicController.php(19): view('music_player', [...])
 6 SYSTEMPATH\CodeIgniter.php(919): App\Controllers\MusicController->index()
 7 SYSTEMPATH\CodeIgniter.php(494): CodeIgniter\CodeIgniter->runController(Object(App\Controllers\MusicController))
 8 SYSTEMPATH\CodeIgniter.php(353): CodeIgniter\CodeIgniter->handleRequest(null, Object(Config\Cache), false)
 9 FCPATH\index.php(79): CodeIgniter\CodeIgniter->run()
10 SYSTEMPATH\Commands\Server\rewrite.php(47): require_once('C:\\laragon\\www\\mymusic\\public\\index.php')
